2022-8-14 22:51-debug: =================================== Build Task (android2gai) Start ================================
2022-8-14 22:51-debug: cocos-service:(onBeforeBuild) start...0%
2022-8-14 22:51-debug: // ---- cocos-service:(onBeforeBuild) ----
2022-8-14 22:51-debug: Build with Cocos Creator 3.5.2
2022-8-14 22:51-debug: Start build task, options:{"name":"iKunGame","platform":"android","buildPath":"project://../../gameWork/dabao","debug":false,"md5Cache":false,"skipCompressTexture":false,"sourceMaps":true,"replaceSplashScreen":false,"mainBundleCompressionType":"none","mainBundleIsRemote":false,"mergeStartScene":false,"experimentalEraseModules":true,"compressTexture":true,"packAutoAtlas":true,"startScene":"2c84e0b0-7e15-493b-bbb9-6dc8eaa910da","scenes":[{"url":"db://assets/scences/scene.scene","uuid":"2c84e0b0-7e15-493b-bbb9-6dc8eaa910da","inBundle":false}],"outputName":"android2gai","packages":{"android":{"packageName":"com.ikun","orientation":{"portrait":false,"upsideDown":false,"landscapeRight":true,"landscapeLeft":true},"apiLevel":"android-33","appABIs":["arm64-v8a","x86_64","x86","armeabi-v7a"],"useDebugKeystore":true,"keystorePath":"","keystorePassword":"","keystoreAlias":"","keystoreAliasPassword":"","appBundle":false,"androidInstant":false,"remoteUrl":"","sdkPath":"","ndkPath":"","renderBackEnd":{"vulkan":false,"gles3":true,"gles2":true},"swappy":false},"cocos-service":{"configID":"6a2275","services":[]},"native":{"polyfills":{"asyncFunctions":true},"encrypted":false,"xxteaKey":"c8h7saqU9CJKxV3F","compressZip":false,"makeAfterBuild":false,"JobSystem":"none"}}}
2022-8-14 22:51-debug: Process: heapTotal 205.85MB heapUsed 192.94MB rss 465.23MB
2022-8-14 22:51-debug: // ---- cocos-service:(onBeforeBuild) success ----
2022-8-14 22:51-debug: Query all assets info in project
2022-8-14 22:51-debug: cocos-service:(onBeforeBuild)3%
2022-8-14 22:51-debug: init custom config: keepNodeUuid: false, useCache: true
2022-8-14 22:51-debug: BuildAssetLibrary query-assets with assets 292
2022-8-14 22:51-debug: BuildAssetLibrary initialized with asset 393!
2022-8-14 22:51-debug:   Number of all scenes: 1
2022-8-14 22:51-debug:   Number of all scripts: 2
2022-8-14 22:51-debug:   Number of other assets: 381
2022-8-14 22:51-debug: native:(onAfterInit) start...3%
2022-8-14 22:51-debug: // ---- native:(onAfterInit) ----
2022-8-14 22:51-debug: Process: heapTotal 206.09MB heapUsed 194.37MB rss 465.89MB
2022-8-14 22:51-debug: Native engine root:D:\CocosDashboard\resources\.editors\Creator\3.5.2\resources\resources\3d\engine\native
2022-8-14 22:51-debug: // ---- native:(onAfterInit) success ----
2022-8-14 22:51-debug: android:(onAfterInit) start...5%
2022-8-14 22:51-debug: // ---- android:(onAfterInit) ----
2022-8-14 22:51-debug: Process: heapTotal 226.90MB heapUsed 205.95MB rss 487.93MB
2022-8-14 22:51-debug: native:(onAfterInit)5%
2022-8-14 22:51-debug: // ---- android:(onAfterInit) success ----
2022-8-14 22:51-debug: android:(onAfterInit)8%
2022-8-14 22:51-debug: 加载刷新项目脚本 start8%
2022-8-14 22:51-debug: Process: heapTotal 226.90MB heapUsed 206.01MB rss 487.93MB
2022-8-14 22:51-log: // ---- 加载刷新项目脚本 ----
2022-8-14 22:51-debug: reload all scripts.
2022-8-14 22:51-debug: Incremental keys: 
2022-8-14 22:51-debug: Set detail map pack:///resolution-detail-map.json: {}
2022-8-14 22:51-debug: [[Executor]] Module "cce:/internal/x/cc-fu/base" loaded.
2022-8-14 22:51-debug: [[Executor]] Module "cce:/internal/x/cc-fu/gfx-webgl" loaded.
2022-8-14 22:51-debug: [[Executor]] Module "cce:/internal/x/cc-fu/gfx-webgl2" loaded.
2022-8-14 22:51-debug: [[Executor]] Module "cce:/internal/x/cc-fu/skeletal-animation" loaded.
2022-8-14 22:51-debug: [[Executor]] Module "cce:/internal/x/cc-fu/animation" loaded.
2022-8-14 22:51-debug: [[Executor]] Module "cce:/internal/x/cc-fu/2d" loaded.
2022-8-14 22:51-debug: [[Executor]] Module "cce:/internal/x/cc-fu/particle" loaded.
2022-8-14 22:51-debug: [[Executor]] Module "cce:/internal/x/cc-fu/particle-2d" loaded.
2022-8-14 22:51-debug: [[Executor]] Module "cce:/internal/x/cc-fu/physics-framework" loaded.
2022-8-14 22:51-debug: [[Executor]] Module "cce:/internal/x/cc-fu/physics-2d-framework" loaded.
2022-8-14 22:51-debug: [[Executor]] Module "cce:/internal/x/cc-fu/intersection-2d" loaded.
2022-8-14 22:51-debug: [[Executor]] Module "cce:/internal/x/cc-fu/ui" loaded.
2022-8-14 22:51-debug: [[Executor]] Module "cce:/internal/x/cc-fu/primitive" loaded.
2022-8-14 22:51-debug: [[Executor]] Module "cce:/internal/x/cc-fu/audio" loaded.
2022-8-14 22:51-debug: [[Executor]] Module "cce:/internal/x/cc-fu/3d" loaded.
2022-8-14 22:51-debug: [[Executor]] Module "cce:/internal/x/cc-fu/video" loaded.
2022-8-14 22:51-debug: [[Executor]] Module "cce:/internal/x/cc-fu/webview" loaded.
2022-8-14 22:51-debug: [[Executor]] Module "cce:/internal/x/cc-fu/profiler" loaded.
2022-8-14 22:51-debug: [[Executor]] Module "cce:/internal/x/cc-fu/tiled-map" loaded.
2022-8-14 22:51-debug: [[Executor]] Module "cce:/internal/x/cc-fu/tween" loaded.
2022-8-14 22:51-debug: [[Executor]] Module "cce:/internal/x/cc-fu/terrain" loaded.
2022-8-14 22:51-debug: [[Executor]] Module "cce:/internal/x/cc-fu/dragon-bones" loaded.
2022-8-14 22:51-debug: [[Executor]] Module "pack:///chunks/06/06905a76530cf57ee019d9d8bcfb507c2d037fd3.js" loaded.
2022-8-14 22:51-debug: Invalidating 'pack:///chunks/06/06905a76530cf57ee019d9d8bcfb507c2d037fd3.js'
2022-8-14 22:51-debug: [[Executor]] Module "cce:/internal/x/cc-fu/spine" loaded.
2022-8-14 22:51-debug: [[Executor]] Module "pack:///chunks/63/6324fd7f2a6a90bef45040fcb7ce34af0ba6a7d3.js" loaded.
2022-8-14 22:51-debug: [[Executor]] Module "pack:///chunks/06/06905a76530cf57ee019d9d8bcfb507c2d037fd3.js" loaded.
2022-8-14 22:51-debug: [[Executor]] Register main
2022-8-14 22:51-debug: [[Executor]] Module "pack:///chunks/4f/4f172bf473fd1c2af22dc077d043f55539f0c2e9.js" loaded.
2022-8-14 22:51-debug: [[Executor]] Module "pack:///chunks/99/99c1cd29ada4c3423abb3a1d68345ba8bcc0aaa9.js" loaded.
2022-8-14 22:51-debug: [[Executor]] Module "pack:///chunks/63/6324fd7f2a6a90bef45040fcb7ce34af0ba6a7d3.js" loaded.
2022-8-14 22:51-debug: 加载刷新项目脚本 √9%
2022-8-14 22:51-debug: 查询 Asset Bundle start9%
2022-8-14 22:51-log: // ---- 查询 Asset Bundle ----
2022-8-14 22:51-debug: Process: heapTotal 226.90MB heapUsed 207.29MB rss 488.20MB
2022-8-14 22:51-debug: 查询 Asset Bundle √10%
2022-8-14 22:51-debug: 查询使用的资源以及资源包配置 start10%
2022-8-14 22:51-log: // ---- 查询使用的资源以及资源包配置 ----
2022-8-14 22:51-debug: Process: heapTotal 226.90MB heapUsed 207.35MB rss 488.21MB
2022-8-14 22:51-debug: Query preload assets from cc.config.json: 
2022-8-14 22:51-debug: Number of scenes: 1
2022-8-14 22:51-debug: Number of assets: 45
2022-8-14 22:51-debug: Number of asset bundle: 2
2022-8-14 22:51-debug: 查询使用的资源以及资源包配置 √11%
2022-8-14 22:51-debug: Process: heapTotal 227.15MB heapUsed 204.67MB rss 488.93MB
2022-8-14 22:51-log: // ---- 整理脚本分组与脚本数据 ----
2022-8-14 22:51-debug: 整理脚本分组与脚本数据 start11%
2022-8-14 22:51-debug: sort script group...
2022-8-14 22:51-debug: 整理脚本分组与脚本数据 √13%
2022-8-14 22:51-debug: Process: heapTotal 227.15MB heapUsed 204.69MB rss 488.94MB
2022-8-14 22:51-debug: 整理纹理压缩任务 start13%
2022-8-14 22:51-log: // ---- 整理纹理压缩任务 ----
2022-8-14 22:51-debug: Number of image-compress task: 0
2022-8-14 22:51-debug: 整理纹理压缩任务 √14%
2022-8-14 22:51-debug: builder.tasks.sort_json 字段未在编辑器多语言内定义
2022-8-14 22:51-debug: builder.tasks.sort_json start14%
2022-8-14 22:51-log: // ---- builder.tasks.sort_json ----
2022-8-14 22:51-debug: Process: heapTotal 227.15MB heapUsed 204.85MB rss 489.02MB
2022-8-14 22:51-debug: 整理合并压缩 Texture2D 的 JSON 数据 start15%
2022-8-14 22:51-debug: builder.tasks.sort_json √15%
2022-8-14 22:51-log: // ---- 整理合并压缩 Texture2D 的 JSON 数据 ----
2022-8-14 22:51-debug: Process: heapTotal 227.15MB heapUsed 204.90MB rss 489.03MB
2022-8-14 22:51-debug: 整理合并压缩 Texture2D 的 JSON 数据 √16%
2022-8-14 22:51-log: // ----  ----
2022-8-14 22:51-debug: Number of json group: 5
2022-8-14 22:51-debug: Process: heapTotal 227.15MB heapUsed 204.92MB rss 489.03MB
2022-8-14 22:51-debug:  √18%
2022-8-14 22:51-debug:  start16%
2022-8-14 22:51-debug: native:(onBeforeBuildAssets) start...18%
2022-8-14 22:51-debug: Process: heapTotal 227.15MB heapUsed 204.94MB rss 489.04MB
2022-8-14 22:51-debug: native:(onBeforeBuildAssets)20%
2022-8-14 22:51-debug: // ---- native:(onBeforeBuildAssets) success ----
2022-8-14 22:51-log: // ----  ----
2022-8-14 22:51-debug: // ---- native:(onBeforeBuildAssets) ----
2022-8-14 22:51-debug: Process: heapTotal 227.15MB heapUsed 204.98MB rss 489.04MB
2022-8-14 22:51-debug:  start20%
2022-8-14 22:51-debug: Caught exception during build core-js: WebpackOptionsValidationError: Invalid configuration object. Webpack has been initialised using a configuration object that does not match the API schema.
 - configuration.entry should be an non-empty array.
   -> A non-empty array of non-empty strings
This may indicates the core-js polyfill is not necessary. See https://github.com/zloirock/core-js/issues/822
2022-8-14 22:51-debug: 打包脚本20%
2022-8-14 22:51-debug: Process: heapTotal 233.80MB heapUsed 211.46MB rss 497.66MB
2022-8-14 22:51-debug: Copy externalScripts success!
2022-8-14 22:51-debug: 打包脚本√20%
2022-8-14 22:51-debug: 构建引擎20%
2022-8-14 22:51-debug: Process: heapTotal 240.88MB heapUsed 219.64MB rss 502.49MB
2022-8-14 22:51-debug: Use cache engine: {link(C:\Users\XIAOKA~1\AppData\Local\Temp\CocosCreator\3.5.2\builder\engine\75ce5d9a6b64316fa728d49744429957)}
2022-8-14 22:51-debug: {"debug":false,"sourceMaps":true,"includeModules":["2d","animation","audio","base","dragon-bones","gfx-webgl","gfx-webgl2","intersection-2d","marionette","particle-2d","physics-2d-box2d","profiler","skeletal-animation","spine","tiled-map","tween","ui","video","webview"],"engineVersion":"3.5.2","platform":"NATIVE","md5Map":[],"engineName":"src/cocos-js","useCache":true,"targets":"chrome 80","entry":"D:\\CocosDashboard\\resources\\.editors\\Creator\\3.5.2\\resources\\resources\\3d\\engine"}
2022-8-14 22:51-debug: 构建引擎√20%
2022-8-14 22:51-debug:  √27%
2022-8-14 22:51-log: // ---- 构建自动图集 ----
2022-8-14 22:51-debug: Process: heapTotal 240.88MB heapUsed 222.40MB rss 503.07MB
2022-8-14 22:51-debug: 构建自动图集 √33%
2022-8-14 22:51-debug: 构建自动图集 start27%
2022-8-14 22:51-debug: builder.tasks.build_img 字段未在编辑器多语言内定义
2022-8-14 22:51-debug: builder.tasks.build_img start33%
2022-8-14 22:51-log: // ---- builder.tasks.build_img ----
2022-8-14 22:51-debug: Process: heapTotal 240.88MB heapUsed 222.43MB rss 503.08MB
2022-8-14 22:51-debug: 将资源拷贝到指定位置 start40%
2022-8-14 22:51-debug: builder.tasks.build_img √40%
2022-8-14 22:51-log: // ---- 将资源拷贝到指定位置 ----
2022-8-14 22:51-debug: Process: heapTotal 240.88MB heapUsed 222.45MB rss 503.08MB
2022-8-14 22:51-debug: Asset Bundle(main) handle assets: 29
2022-8-14 22:51-debug: Asset Bundle(assetsResours) handle assets: 34
2022-8-14 22:51-debug: 将资源拷贝到指定位置 √47%
2022-8-14 22:51-debug: builder.tasks.build_json 字段未在编辑器多语言内定义
2022-8-14 22:51-debug: Process: heapTotal 240.88MB heapUsed 223.15MB rss 503.84MB
2022-8-14 22:51-debug: builder.tasks.build_json start47%
2022-8-14 22:51-debug: getSerializedJSON: Use cache serialized JSON of asset ({asset(db://assets/assetsResours/music/jinitaimei_2.mp3)})
2022-8-14 22:51-log: // ---- builder.tasks.build_json ----
2022-8-14 22:51-debug: getSerializedJSON: Use cache serialized JSON of asset ({asset(db://assets/assetsResours/music/jinitaimei_4.mp3)})
2022-8-14 22:51-debug: getSerializedJSON: Use cache serialized JSON of asset ({asset(db://assets/assetsResours/img/kunkun.png)})
2022-8-14 22:51-debug: getSerializedJSON: Use cache serialized JSON of asset ({asset(db://assets/assetsResours/music/jinitaimei_6.mp3)})
2022-8-14 22:51-debug: getSerializedJSON: Use cache serialized JSON of asset ({asset(db://assets/assetsResours/img/ikunbutton.png)})
2022-8-14 22:51-debug: getSerializedJSON: Use cache serialized JSON of asset ({asset(db://assets/assetsResours/img/biankuang.png)})
2022-8-14 22:51-debug: getSerializedJSON: Use cache serialized JSON of asset ({asset(db://assets/assetsResours/music/jinitaimei_1.mp3)})
2022-8-14 22:51-debug: getSerializedJSON: Use cache serialized JSON of asset ({asset(db://assets/assetsResours/img/duihua.png)})
2022-8-14 22:51-debug: getSerializedJSON: Use cache serialized JSON of asset ({asset(db://assets/assetsResours/music/jinitaimei_5.mp3)})
2022-8-14 22:51-debug: getSerializedJSON: Use cache serialized JSON of asset ({asset(db://assets/assetsResours/music/jinitaimei_3.mp3)})
2022-8-14 22:51-debug: getSerializedJSON: Use cache serialized JSON of asset ({asset(db://assets/assetsResours/img/downgg.png)})
2022-8-14 22:51-debug: getSerializedJSON: Use cache serialized JSON of asset ({asset(db://assets/assetsResours/img/ikunbg.png)})
2022-8-14 22:51-debug: getSerializedJSON: Use cache serialized JSON of asset ({asset(db://assets/assetsResours/img/topbackground.png)})
2022-8-14 22:51-debug: getSerializedJSON: Use cache serialized JSON of asset ({asset(db://assets/assetsResours/img/bianhuan.png)})
2022-8-14 22:51-debug: getSerializedJSON: Use cache serialized JSON of asset ({asset(db://assets/assetsResours/img/beij.png)})
2022-8-14 22:51-debug: getSerializedJSON: Use cache serialized JSON of asset ({asset(db://assets/assetsResours/json/text.json)})
2022-8-14 22:51-debug: builder.tasks.build_json √53%
2022-8-14 22:51-debug: 压缩 Zip Bundle start53%
2022-8-14 22:51-log: // ---- 压缩 Zip Bundle ----
2022-8-14 22:51-debug: Process: heapTotal 226.91MB heapUsed 198.82MB rss 481.04MB
2022-8-14 22:51-debug: // ---- native:(onAfterBuildAssets) ----
2022-8-14 22:51-debug: native:(onAfterBuildAssets) start...60%
2022-8-14 22:51-debug: 压缩 Zip Bundle √60%
2022-8-14 22:51-debug: Process: heapTotal 226.91MB heapUsed 198.85MB rss 481.04MB
2022-8-14 22:51-log: [plugin New]: running ...
2022-8-14 22:51-log: update settings.properties
2022-8-14 22:51-log: update gradle.properties
2022-8-14 22:51-log: AndroidAPI level 33
2022-8-14 22:51-log: android instant not configured
2022-8-14 22:51-debug: generateCMakeConfig, {"CC_USE_GLES3":"set(CC_USE_GLES3 ON)","CC_USE_GLES2":"set(CC_USE_GLES2 ON)","USE_SERVER_MODE":"set(USE_SERVER_MODE OFF)","NET_MODE":"set(NET_MODE 0)","XXTEAKEY":"","CC_ENABLE_SWAPPY":"set(CC_ENABLE_SWAPPY OFF)","APP_NAME":"set(APP_NAME iKunGame)","COCOS_X_PATH":"set(COCOS_X_PATH \"D:/CocosDashboard/resources/.editors/Creator/3.5.2/resources/resources/3d/engine/native\")","USE_JOB_SYSTEM_TASKFLOW":"set(USE_JOB_SYSTEM_TASKFLOW OFF)","USE_JOB_SYSTEM_TBB":"set(USE_JOB_SYSTEM_TBB OFF)","CC_USE_VULKAN":"set(CC_USE_VULKAN OFF)","USE_PHYSICS_PHYSX":"set(USE_PHYSICS_PHYSX OFF)","USE_AUDIO":"set(USE_AUDIO ON)","USE_VIDEO":"set(USE_VIDEO ON)","USE_WEBVIEW":"set(USE_WEBVIEW ON)","USE_SPINE":"set(USE_SPINE ON)","USE_DRAGONBONES":"set(USE_DRAGONBONES ON)"}
2022-8-14 22:51-debug: // ---- native:(onAfterBuildAssets) success ----
2022-8-14 22:51-debug: native:(onAfterBuildAssets)63%
2022-8-14 22:51-debug: 给所有的资源加上 MD5 后缀 start63%
2022-8-14 22:51-log: // ---- 给所有的资源加上 MD5 后缀 ----
2022-8-14 22:51-debug: Process: heapTotal 226.91MB heapUsed 199.82MB rss 480.94MB
2022-8-14 22:51-log:   [plugin New]: done!
2022-8-14 22:51-debug: 给所有的资源加上 MD5 后缀 √73%
2022-8-14 22:51-log: // ---- 初始化 settings.json 与 config.json ----
2022-8-14 22:51-debug: Process: heapTotal 226.91MB heapUsed 199.84MB rss 480.95MB
2022-8-14 22:51-debug: tasks.settings.macro 字段未在编辑器多语言内定义
2022-8-14 22:51-debug: tasks.settings.macro start73%
2022-8-14 22:51-debug: 初始化 settings.json 与 config.json √73%
2022-8-14 22:51-debug: Process: heapTotal 226.91MB heapUsed 199.86MB rss 480.96MB
2022-8-14 22:51-log: // ---- tasks.settings.macro ----
2022-8-14 22:51-debug: 初始化 settings.json 与 config.json start73%
2022-8-14 22:51-debug: tasks.settings.macro √74%
2022-8-14 22:51-debug: Process: heapTotal 226.91MB heapUsed 199.95MB rss 480.96MB
2022-8-14 22:51-log: // ---- 使用缓存 settings.json ----
2022-8-14 22:51-debug: 使用缓存 settings.json start74%
2022-8-14 22:51-debug: 使用缓存 settings.json √74%
2022-8-14 22:51-debug: custom joint texture layouts start74%
2022-8-14 22:51-log: // ---- custom joint texture layouts ----
2022-8-14 22:51-debug: Process: heapTotal 226.91MB heapUsed 200.02MB rss 480.99MB
2022-8-14 22:51-debug: custom joint texture layouts √75%
2022-8-14 22:51-debug: custom joint physics start75%
2022-8-14 22:51-log: // ---- custom joint physics ----
2022-8-14 22:51-debug: Process: heapTotal 226.91MB heapUsed 200.06MB rss 480.99MB
2022-8-14 22:51-log: // ---- 填充脚本数据到 settings.json ----
2022-8-14 22:51-debug: custom joint physics √75%
2022-8-14 22:51-debug: 填充脚本数据到 settings.json start75%
2022-8-14 22:51-debug: 填充场景数据到 settings.json start76%
2022-8-14 22:51-debug: Process: heapTotal 226.91MB heapUsed 200.08MB rss 480.99MB
2022-8-14 22:51-log: // ---- 填充场景数据到 settings.json ----
2022-8-14 22:51-debug: Process: heapTotal 226.91MB heapUsed 200.10MB rss 481.00MB
2022-8-14 22:51-debug: 整理资源分组，生成 packedAssets 以及 rawAssets 数据 start76%
2022-8-14 22:51-log: // ---- 整理资源分组，生成 packedAssets 以及 rawAssets 数据 ----
2022-8-14 22:51-debug: Process: heapTotal 226.91MB heapUsed 200.12MB rss 481.01MB
2022-8-14 22:51-debug: 填充脚本数据到 settings.json √76%
2022-8-14 22:51-debug: 整理资源分组，生成 packedAssets 以及 rawAssets 数据 √77%
2022-8-14 22:51-debug: 从 suffixMap 生成 md5AssetsMap 到 settings.json start77%
2022-8-14 22:51-log: // ---- 从 suffixMap 生成 md5AssetsMap 到 settings.json ----
2022-8-14 22:51-debug: options.md5Cache is false.
2022-8-14 22:51-debug: Process: heapTotal 226.91MB heapUsed 200.15MB rss 481.01MB
2022-8-14 22:51-debug: cocos-service:(onBeforeCompressSettings) start...77%
2022-8-14 22:51-debug: 从 suffixMap 生成 md5AssetsMap 到 settings.json √77%
2022-8-14 22:51-debug: // ---- cocos-service:(onBeforeCompressSettings) ----
2022-8-14 22:51-debug: Process: heapTotal 226.91MB heapUsed 200.19MB rss 481.02MB
2022-8-14 22:51-debug: 填充场景数据到 settings.json √76%
2022-8-14 22:51-debug: // ---- cocos-service:(onBeforeCompressSettings) success ----
2022-8-14 22:51-debug: cocos-service:(onBeforeCompressSettings)80%
2022-8-14 22:51-debug: Process: heapTotal 226.91MB heapUsed 200.35MB rss 481.02MB
2022-8-14 22:51-log: // ----  ----
2022-8-14 22:51-debug:  start80%
2022-8-14 22:51-debug:  √81%
2022-8-14 22:51-debug: 压缩 config.json 与 settings.json start81%
2022-8-14 22:51-log: // ---- 压缩 config.json 与 settings.json ----
2022-8-14 22:51-debug: Process: heapTotal 226.91MB heapUsed 200.38MB rss 481.03MB
2022-8-14 22:51-debug: 保存 config.json start82%
2022-8-14 22:51-debug: 压缩 config.json 与 settings.json √82%
2022-8-14 22:51-debug: Process: heapTotal 226.91MB heapUsed 200.46MB rss 481.03MB
2022-8-14 22:51-log: // ---- 保存 config.json ----
2022-8-14 22:51-debug: 保存 config.json √83%
2022-8-14 22:51-debug: 保存 settings.json start83%
2022-8-14 22:51-log: // ---- 保存 settings.json ----
2022-8-14 22:51-debug: Process: heapTotal 226.91MB heapUsed 200.49MB rss 481.04MB
2022-8-14 22:51-debug: 保存 settings.json √84%
2022-8-14 22:51-debug: 整理静态模板文件 start84%
2022-8-14 22:51-log: // ---- 整理静态模板文件 ----
2022-8-14 22:51-debug: Process: heapTotal 226.91MB heapUsed 200.60MB rss 481.07MB
2022-8-14 22:51-debug: 整理静态模板文件 √85%
2022-8-14 22:51-debug: cocos-service:(onAfterCompressSettings) start...85%
2022-8-14 22:51-debug: // ---- cocos-service:(onAfterCompressSettings) ----
2022-8-14 22:51-debug: Process: heapTotal 226.91MB heapUsed 200.84MB rss 482.81MB
2022-8-14 22:51-debug: // ---- cocos-service:(onAfterCompressSettings) success ----
2022-8-14 22:51-debug: cocos-service:(onAfterCompressSettings)87%
2022-8-14 22:51-debug: native:(onAfterBuild) start...87%
2022-8-14 22:51-debug: Process: heapTotal 226.91MB heapUsed 200.23MB rss 481.75MB
2022-8-14 22:51-debug: // ---- native:(onAfterBuild) ----
2022-8-14 22:51-log: [plugin Generate]: running ...
2022-8-14 22:51-log: generate android
2022-8-14 22:51-log:   [plugin Generate]: done!
2022-8-14 22:51-debug: // ---- native:(onAfterBuild) success ----
2022-8-14 22:51-debug: native:(onAfterBuild)90%
2022-8-14 22:51-debug: cocos-service:(onAfterBuild) start...90%
2022-8-14 22:51-debug: // ---- cocos-service:(onAfterBuild) ----
2022-8-14 22:51-debug: Process: heapTotal 226.91MB heapUsed 200.54MB rss 481.50MB
2022-8-14 22:51-debug: // ---- cocos-service:(onAfterBuild) success ----
2022-8-14 22:51-debug: build success in 8415 ms!
2022-8-14 22:51-debug: cocos-service:(onAfterBuild)93%
