debug: Sat, 13 Aug 2022 15:02:52 GMT
debug: Project: D:\game\iKunGame
debug: Targets: editor,preview
debug: Incremental file seems great.
debug: Engine path: D:\CocosDashboard\resources\.editors\Creator\3.5.2\resources\resources\3d\engine
debug: Initializing target [Editor]
debug: Loading cache
debug: Loading cache costs 0.7502000033855438ms.
debug: Engine features shipped in editor: base,gfx-webgl,gfx-webgl2,3d,animation,skeletal-animation,2d,ui,particle,particle-2d,physics-framework,physics-2d-framework,intersection-2d,primitive,profiler,audio,video,terrain,webview,tween,tiled-map,spine,dragon-bones,marionette
debug: Initializing target [Preview]
debug: Loading cache
debug: Loading cache costs 0.6099999994039536ms.
debug: Sync engine features: 2d,animation,audio,base,dragon-bones,gfx-webgl,gfx-webgl2,intersection-2d,marionette,particle-2d,physics-2d-box2d,profiler,skeletal-animation,spine,tiled-map,tween,ui,video,webview
debug: Pulling asset-db.
debug: Fetch asset-db cost: 20.17059999704361ms.
debug: Build iteration starts.
Number of accumulated asset changes: 1
Feature changed: false
debug: Target(editor) build started.
debug: Detected change: cce:/internal/x/cc. Last mtime: Thu Jan 01 1970 08:00:09 GMT+0800 (中国标准时间), Current mtime: Thu Jan 01 1970 08:00:09 GMT+0800 (中国标准时间)
debug: Inspect cce:/internal/x/cc
debug: Resolve cce:/internal/x/cc-fu/base from cce:/internal/x/cc as external dependency cce:/internal/x/cc-fu/base.
debug: Resolve cce:/internal/x/cc-fu/gfx-webgl from cce:/internal/x/cc as external dependency cce:/internal/x/cc-fu/gfx-webgl.
debug: Resolve cce:/internal/x/cc-fu/gfx-webgl2 from cce:/internal/x/cc as external dependency cce:/internal/x/cc-fu/gfx-webgl2.
debug: Resolve cce:/internal/x/cc-fu/3d from cce:/internal/x/cc as external dependency cce:/internal/x/cc-fu/3d.
debug: Resolve cce:/internal/x/cc-fu/animation from cce:/internal/x/cc as external dependency cce:/internal/x/cc-fu/animation.
debug: Resolve cce:/internal/x/cc-fu/skeletal-animation from cce:/internal/x/cc as external dependency cce:/internal/x/cc-fu/skeletal-animation.
debug: Resolve cce:/internal/x/cc-fu/2d from cce:/internal/x/cc as external dependency cce:/internal/x/cc-fu/2d.
debug: Resolve cce:/internal/x/cc-fu/ui from cce:/internal/x/cc as external dependency cce:/internal/x/cc-fu/ui.
debug: Resolve cce:/internal/x/cc-fu/particle from cce:/internal/x/cc as external dependency cce:/internal/x/cc-fu/particle.
debug: Resolve cce:/internal/x/cc-fu/particle-2d from cce:/internal/x/cc as external dependency cce:/internal/x/cc-fu/particle-2d.
debug: Resolve cce:/internal/x/cc-fu/physics-framework from cce:/internal/x/cc as external dependency cce:/internal/x/cc-fu/physics-framework.
debug: Resolve cce:/internal/x/cc-fu/physics-2d-framework from cce:/internal/x/cc as external dependency cce:/internal/x/cc-fu/physics-2d-framework.
debug: Resolve cce:/internal/x/cc-fu/intersection-2d from cce:/internal/x/cc as external dependency cce:/internal/x/cc-fu/intersection-2d.
debug: Resolve cce:/internal/x/cc-fu/primitive from cce:/internal/x/cc as external dependency cce:/internal/x/cc-fu/primitive.
debug: Resolve cce:/internal/x/cc-fu/profiler from cce:/internal/x/cc as external dependency cce:/internal/x/cc-fu/profiler.
debug: Resolve cce:/internal/x/cc-fu/audio from cce:/internal/x/cc as external dependency cce:/internal/x/cc-fu/audio.
debug: Resolve cce:/internal/x/cc-fu/video from cce:/internal/x/cc as external dependency cce:/internal/x/cc-fu/video.
debug: Resolve cce:/internal/x/cc-fu/terrain from cce:/internal/x/cc as external dependency cce:/internal/x/cc-fu/terrain.
debug: Resolve cce:/internal/x/cc-fu/webview from cce:/internal/x/cc as external dependency cce:/internal/x/cc-fu/webview.
debug: Resolve cce:/internal/x/cc-fu/tween from cce:/internal/x/cc as external dependency cce:/internal/x/cc-fu/tween.
debug: Resolve cce:/internal/x/cc-fu/tiled-map from cce:/internal/x/cc as external dependency cce:/internal/x/cc-fu/tiled-map.
debug: Resolve cce:/internal/x/cc-fu/spine from cce:/internal/x/cc as external dependency cce:/internal/x/cc-fu/spine.
debug: Resolve cce:/internal/x/cc-fu/dragon-bones from cce:/internal/x/cc as external dependency cce:/internal/x/cc-fu/dragon-bones.
debug: Detected change: cce:/internal/x/prerequisite-imports. Last mtime: Thu Jan 01 1970 08:13:02 GMT+0800 (中国标准时间), Current mtime: Thu Jan 01 1970 08:00:09 GMT+0800 (中国标准时间)
debug: Inspect cce:/internal/x/prerequisite-imports
debug: Resolve file:///D:/game/iKunGame/assets/script/main.ts from cce:/internal/x/prerequisite-imports as file:///D:/game/iKunGame/assets/script/main.ts.
debug: Target(editor) ends with cost 193.58200000226498ms.
debug: Target(preview) build started.
debug: Detected change: cce:/internal/x/cc. Last mtime: Thu Jan 01 1970 08:00:09 GMT+0800 (中国标准时间), Current mtime: Thu Jan 01 1970 08:00:09 GMT+0800 (中国标准时间)
debug: Inspect cce:/internal/x/cc
debug: Resolve cce:/internal/x/cc-fu/2d from cce:/internal/x/cc as external dependency cce:/internal/x/cc-fu/2d.
debug: Resolve cce:/internal/x/cc-fu/animation from cce:/internal/x/cc as external dependency cce:/internal/x/cc-fu/animation.
debug: Resolve cce:/internal/x/cc-fu/audio from cce:/internal/x/cc as external dependency cce:/internal/x/cc-fu/audio.
debug: Resolve cce:/internal/x/cc-fu/base from cce:/internal/x/cc as external dependency cce:/internal/x/cc-fu/base.
debug: Resolve cce:/internal/x/cc-fu/dragon-bones from cce:/internal/x/cc as external dependency cce:/internal/x/cc-fu/dragon-bones.
debug: Resolve cce:/internal/x/cc-fu/gfx-webgl from cce:/internal/x/cc as external dependency cce:/internal/x/cc-fu/gfx-webgl.
debug: Resolve cce:/internal/x/cc-fu/gfx-webgl2 from cce:/internal/x/cc as external dependency cce:/internal/x/cc-fu/gfx-webgl2.
debug: Resolve cce:/internal/x/cc-fu/intersection-2d from cce:/internal/x/cc as external dependency cce:/internal/x/cc-fu/intersection-2d.
debug: Resolve cce:/internal/x/cc-fu/particle-2d from cce:/internal/x/cc as external dependency cce:/internal/x/cc-fu/particle-2d.
debug: Resolve cce:/internal/x/cc-fu/physics-2d-box2d from cce:/internal/x/cc as external dependency cce:/internal/x/cc-fu/physics-2d-box2d.
debug: Resolve cce:/internal/x/cc-fu/physics-2d-framework from cce:/internal/x/cc as external dependency cce:/internal/x/cc-fu/physics-2d-framework.
debug: Resolve cce:/internal/x/cc-fu/profiler from cce:/internal/x/cc as external dependency cce:/internal/x/cc-fu/profiler.
debug: Resolve cce:/internal/x/cc-fu/skeletal-animation from cce:/internal/x/cc as external dependency cce:/internal/x/cc-fu/skeletal-animation.
debug: Resolve cce:/internal/x/cc-fu/spine from cce:/internal/x/cc as external dependency cce:/internal/x/cc-fu/spine.
debug: Resolve cce:/internal/x/cc-fu/tiled-map from cce:/internal/x/cc as external dependency cce:/internal/x/cc-fu/tiled-map.
debug: Resolve cce:/internal/x/cc-fu/tween from cce:/internal/x/cc as external dependency cce:/internal/x/cc-fu/tween.
debug: Resolve cce:/internal/x/cc-fu/ui from cce:/internal/x/cc as external dependency cce:/internal/x/cc-fu/ui.
debug: Resolve cce:/internal/x/cc-fu/video from cce:/internal/x/cc as external dependency cce:/internal/x/cc-fu/video.
debug: Resolve cce:/internal/x/cc-fu/webview from cce:/internal/x/cc as external dependency cce:/internal/x/cc-fu/webview.
debug: Detected change: cce:/internal/x/prerequisite-imports. Last mtime: Thu Jan 01 1970 08:13:02 GMT+0800 (中国标准时间), Current mtime: Thu Jan 01 1970 08:00:09 GMT+0800 (中国标准时间)
debug: Inspect cce:/internal/x/prerequisite-imports
debug: Resolve file:///D:/game/iKunGame/assets/script/main.ts from cce:/internal/x/prerequisite-imports as file:///D:/game/iKunGame/assets/script/main.ts.
debug: Target(preview) ends with cost 74.7723000049591ms.
debug: Dispatch build request for time accumulated 1 asset changes.
debug: Build iteration starts.
Number of accumulated asset changes: 1
Feature changed: false
debug: Target(editor) build started.
debug: Detected change: cce:/internal/x/prerequisite-imports. Last mtime: Thu Jan 01 1970 08:00:09 GMT+0800 (中国标准时间), Current mtime: Thu Jan 01 1970 08:04:06 GMT+0800 (中国标准时间)
debug: Inspect cce:/internal/x/prerequisite-imports
debug: Resolve file:///D:/game/iKunGame/assets/script/main.ts from cce:/internal/x/prerequisite-imports as file:///D:/game/iKunGame/assets/script/main.ts.
debug: Detected change: file:///D:/game/iKunGame/assets/script/main.ts. Last mtime: Sat Aug 13 2022 22:47:46 GMT+0800 (中国标准时间)@e3179c8d-697e-41e4-8a0e-b447d9092743, Current mtime: Sat Aug 13 2022 23:06:48 GMT+0800 (中国标准时间)@e3179c8d-697e-41e4-8a0e-b447d9092743
debug: Inspect file:///D:/game/iKunGame/assets/script/main.ts
debug: Resolve cc from file:///D:/game/iKunGame/assets/script/main.ts as cce:/internal/x/cc.
debug: Resolve cc from file:///D:/game/iKunGame/assets/script/main.ts as cce:/internal/x/cc.
debug: Target(editor) ends with cost 49.461400002241135ms.
debug: Target(preview) build started.
debug: Detected change: cce:/internal/x/prerequisite-imports. Last mtime: Thu Jan 01 1970 08:00:09 GMT+0800 (中国标准时间), Current mtime: Thu Jan 01 1970 08:04:06 GMT+0800 (中国标准时间)
debug: Inspect cce:/internal/x/prerequisite-imports
debug: Resolve file:///D:/game/iKunGame/assets/script/main.ts from cce:/internal/x/prerequisite-imports as file:///D:/game/iKunGame/assets/script/main.ts.
debug: Detected change: file:///D:/game/iKunGame/assets/script/main.ts. Last mtime: Sat Aug 13 2022 22:47:46 GMT+0800 (中国标准时间)@e3179c8d-697e-41e4-8a0e-b447d9092743, Current mtime: Sat Aug 13 2022 23:06:48 GMT+0800 (中国标准时间)@e3179c8d-697e-41e4-8a0e-b447d9092743
debug: Inspect file:///D:/game/iKunGame/assets/script/main.ts
debug: Resolve cc from file:///D:/game/iKunGame/assets/script/main.ts as cce:/internal/x/cc.
debug: Resolve cc from file:///D:/game/iKunGame/assets/script/main.ts as cce:/internal/x/cc.
debug: Target(preview) ends with cost 56.87739999592304ms.
debug: Dispatch build request for time accumulated 1 asset changes.
debug: Build iteration starts.
Number of accumulated asset changes: 1
Feature changed: false
debug: Target(editor) build started.
debug: Detected change: cce:/internal/x/prerequisite-imports. Last mtime: Thu Jan 01 1970 08:04:06 GMT+0800 (中国标准时间), Current mtime: Thu Jan 01 1970 08:04:33 GMT+0800 (中国标准时间)
debug: Inspect cce:/internal/x/prerequisite-imports
debug: Resolve file:///D:/game/iKunGame/assets/script/main.ts from cce:/internal/x/prerequisite-imports as file:///D:/game/iKunGame/assets/script/main.ts.
debug: Detected change: file:///D:/game/iKunGame/assets/script/main.ts. Last mtime: Sat Aug 13 2022 23:06:48 GMT+0800 (中国标准时间)@e3179c8d-697e-41e4-8a0e-b447d9092743, Current mtime: Sat Aug 13 2022 23:07:13 GMT+0800 (中国标准时间)@e3179c8d-697e-41e4-8a0e-b447d9092743
debug: Inspect file:///D:/game/iKunGame/assets/script/main.ts
debug: Resolve cc from file:///D:/game/iKunGame/assets/script/main.ts as cce:/internal/x/cc.
debug: Resolve cc from file:///D:/game/iKunGame/assets/script/main.ts as cce:/internal/x/cc.
debug: Target(editor) ends with cost 35.61559999734163ms.
debug: Target(preview) build started.
debug: Detected change: cce:/internal/x/prerequisite-imports. Last mtime: Thu Jan 01 1970 08:04:06 GMT+0800 (中国标准时间), Current mtime: Thu Jan 01 1970 08:04:33 GMT+0800 (中国标准时间)
debug: Inspect cce:/internal/x/prerequisite-imports
debug: Resolve file:///D:/game/iKunGame/assets/script/main.ts from cce:/internal/x/prerequisite-imports as file:///D:/game/iKunGame/assets/script/main.ts.
debug: Detected change: file:///D:/game/iKunGame/assets/script/main.ts. Last mtime: Sat Aug 13 2022 23:06:48 GMT+0800 (中国标准时间)@e3179c8d-697e-41e4-8a0e-b447d9092743, Current mtime: Sat Aug 13 2022 23:07:13 GMT+0800 (中国标准时间)@e3179c8d-697e-41e4-8a0e-b447d9092743
debug: Inspect file:///D:/game/iKunGame/assets/script/main.ts
debug: Resolve cc from file:///D:/game/iKunGame/assets/script/main.ts as cce:/internal/x/cc.
debug: Resolve cc from file:///D:/game/iKunGame/assets/script/main.ts as cce:/internal/x/cc.
debug: Target(preview) ends with cost 51.48969999700785ms.
debug: Dispatch build request for time accumulated 1 asset changes.
debug: Build iteration starts.
Number of accumulated asset changes: 1
Feature changed: false
debug: Target(editor) build started.
debug: Detected change: cce:/internal/x/prerequisite-imports. Last mtime: Thu Jan 01 1970 08:04:33 GMT+0800 (中国标准时间), Current mtime: Thu Jan 01 1970 08:08:18 GMT+0800 (中国标准时间)
debug: Inspect cce:/internal/x/prerequisite-imports
debug: Resolve file:///D:/game/iKunGame/assets/script/main.ts from cce:/internal/x/prerequisite-imports as file:///D:/game/iKunGame/assets/script/main.ts.
debug: Detected change: file:///D:/game/iKunGame/assets/script/main.ts. Last mtime: Sat Aug 13 2022 23:07:13 GMT+0800 (中国标准时间)@e3179c8d-697e-41e4-8a0e-b447d9092743, Current mtime: Sat Aug 13 2022 23:10:58 GMT+0800 (中国标准时间)@e3179c8d-697e-41e4-8a0e-b447d9092743
debug: Inspect file:///D:/game/iKunGame/assets/script/main.ts
debug: Resolve cc from file:///D:/game/iKunGame/assets/script/main.ts as cce:/internal/x/cc.
debug: Resolve cc from file:///D:/game/iKunGame/assets/script/main.ts as cce:/internal/x/cc.
debug: Target(editor) ends with cost 36.35819999873638ms.
debug: Target(preview) build started.
debug: Detected change: cce:/internal/x/prerequisite-imports. Last mtime: Thu Jan 01 1970 08:04:33 GMT+0800 (中国标准时间), Current mtime: Thu Jan 01 1970 08:08:18 GMT+0800 (中国标准时间)
debug: Inspect cce:/internal/x/prerequisite-imports
debug: Resolve file:///D:/game/iKunGame/assets/script/main.ts from cce:/internal/x/prerequisite-imports as file:///D:/game/iKunGame/assets/script/main.ts.
debug: Detected change: file:///D:/game/iKunGame/assets/script/main.ts. Last mtime: Sat Aug 13 2022 23:07:13 GMT+0800 (中国标准时间)@e3179c8d-697e-41e4-8a0e-b447d9092743, Current mtime: Sat Aug 13 2022 23:10:58 GMT+0800 (中国标准时间)@e3179c8d-697e-41e4-8a0e-b447d9092743
debug: Inspect file:///D:/game/iKunGame/assets/script/main.ts
debug: Resolve cc from file:///D:/game/iKunGame/assets/script/main.ts as cce:/internal/x/cc.
debug: Resolve cc from file:///D:/game/iKunGame/assets/script/main.ts as cce:/internal/x/cc.
debug: Target(preview) ends with cost 43.09359999746084ms.
debug: Dispatch build request for time accumulated 1 asset changes.
debug: Build iteration starts.
Number of accumulated asset changes: 1
Feature changed: false
debug: Target(editor) build started.
debug: Detected change: cce:/internal/x/prerequisite-imports. Last mtime: Thu Jan 01 1970 08:08:18 GMT+0800 (中国标准时间), Current mtime: Thu Jan 01 1970 08:09:05 GMT+0800 (中国标准时间)
debug: Inspect cce:/internal/x/prerequisite-imports
debug: Resolve file:///D:/game/iKunGame/assets/script/main.ts from cce:/internal/x/prerequisite-imports as file:///D:/game/iKunGame/assets/script/main.ts.
debug: Detected change: file:///D:/game/iKunGame/assets/script/main.ts. Last mtime: Sat Aug 13 2022 23:10:58 GMT+0800 (中国标准时间)@e3179c8d-697e-41e4-8a0e-b447d9092743, Current mtime: Sat Aug 13 2022 23:11:47 GMT+0800 (中国标准时间)@e3179c8d-697e-41e4-8a0e-b447d9092743
debug: Inspect file:///D:/game/iKunGame/assets/script/main.ts
debug: Resolve cc from file:///D:/game/iKunGame/assets/script/main.ts as cce:/internal/x/cc.
debug: Resolve cc from file:///D:/game/iKunGame/assets/script/main.ts as cce:/internal/x/cc.
debug: Target(editor) ends with cost 76.0397000014782ms.
debug: Target(preview) build started.
debug: Detected change: cce:/internal/x/prerequisite-imports. Last mtime: Thu Jan 01 1970 08:08:18 GMT+0800 (中国标准时间), Current mtime: Thu Jan 01 1970 08:09:06 GMT+0800 (中国标准时间)
debug: Inspect cce:/internal/x/prerequisite-imports
debug: Resolve file:///D:/game/iKunGame/assets/script/main.ts from cce:/internal/x/prerequisite-imports as file:///D:/game/iKunGame/assets/script/main.ts.
debug: Detected change: file:///D:/game/iKunGame/assets/script/main.ts. Last mtime: Sat Aug 13 2022 23:10:58 GMT+0800 (中国标准时间)@e3179c8d-697e-41e4-8a0e-b447d9092743, Current mtime: Sat Aug 13 2022 23:11:47 GMT+0800 (中国标准时间)@e3179c8d-697e-41e4-8a0e-b447d9092743
debug: Inspect file:///D:/game/iKunGame/assets/script/main.ts
debug: Resolve cc from file:///D:/game/iKunGame/assets/script/main.ts as cce:/internal/x/cc.
debug: Resolve cc from file:///D:/game/iKunGame/assets/script/main.ts as cce:/internal/x/cc.
debug: Target(preview) ends with cost 100.27769999951124ms.
debug: Dispatch build request for time accumulated 1 asset changes.
debug: Build iteration starts.
Number of accumulated asset changes: 1
Feature changed: false
debug: Target(editor) build started.
debug: Detected change: cce:/internal/x/prerequisite-imports. Last mtime: Thu Jan 01 1970 08:09:05 GMT+0800 (中国标准时间), Current mtime: Thu Jan 01 1970 08:17:35 GMT+0800 (中国标准时间)
debug: Inspect cce:/internal/x/prerequisite-imports
debug: Resolve file:///D:/game/iKunGame/assets/script/main.ts from cce:/internal/x/prerequisite-imports as file:///D:/game/iKunGame/assets/script/main.ts.
debug: Detected change: file:///D:/game/iKunGame/assets/script/main.ts. Last mtime: Sat Aug 13 2022 23:11:47 GMT+0800 (中国标准时间)@e3179c8d-697e-41e4-8a0e-b447d9092743, Current mtime: Sat Aug 13 2022 23:20:16 GMT+0800 (中国标准时间)@e3179c8d-697e-41e4-8a0e-b447d9092743
debug: Inspect file:///D:/game/iKunGame/assets/script/main.ts
debug: Resolve cc from file:///D:/game/iKunGame/assets/script/main.ts as cce:/internal/x/cc.
debug: Resolve cc from file:///D:/game/iKunGame/assets/script/main.ts as cce:/internal/x/cc.
debug: Target(editor) ends with cost 34.375200003385544ms.
debug: Target(preview) build started.
debug: Detected change: cce:/internal/x/prerequisite-imports. Last mtime: Thu Jan 01 1970 08:09:06 GMT+0800 (中国标准时间), Current mtime: Thu Jan 01 1970 08:17:35 GMT+0800 (中国标准时间)
debug: Inspect cce:/internal/x/prerequisite-imports
debug: Resolve file:///D:/game/iKunGame/assets/script/main.ts from cce:/internal/x/prerequisite-imports as file:///D:/game/iKunGame/assets/script/main.ts.
debug: Detected change: file:///D:/game/iKunGame/assets/script/main.ts. Last mtime: Sat Aug 13 2022 23:11:47 GMT+0800 (中国标准时间)@e3179c8d-697e-41e4-8a0e-b447d9092743, Current mtime: Sat Aug 13 2022 23:20:16 GMT+0800 (中国标准时间)@e3179c8d-697e-41e4-8a0e-b447d9092743
debug: Inspect file:///D:/game/iKunGame/assets/script/main.ts
debug: Resolve cc from file:///D:/game/iKunGame/assets/script/main.ts as cce:/internal/x/cc.
debug: Resolve cc from file:///D:/game/iKunGame/assets/script/main.ts as cce:/internal/x/cc.
debug: Target(preview) ends with cost 38.33039999753237ms.
debug: Dispatch build request for time accumulated 1 asset changes.
debug: Build iteration starts.
Number of accumulated asset changes: 1
Feature changed: false
debug: Target(editor) build started.
debug: Detected change: cce:/internal/x/prerequisite-imports. Last mtime: Thu Jan 01 1970 08:17:35 GMT+0800 (中国标准时间), Current mtime: Thu Jan 01 1970 08:18:01 GMT+0800 (中国标准时间)
debug: Inspect cce:/internal/x/prerequisite-imports
debug: Resolve file:///D:/game/iKunGame/assets/script/main.ts from cce:/internal/x/prerequisite-imports as file:///D:/game/iKunGame/assets/script/main.ts.
debug: Detected change: file:///D:/game/iKunGame/assets/script/main.ts. Last mtime: Sat Aug 13 2022 23:20:16 GMT+0800 (中国标准时间)@e3179c8d-697e-41e4-8a0e-b447d9092743, Current mtime: Sat Aug 13 2022 23:20:43 GMT+0800 (中国标准时间)@e3179c8d-697e-41e4-8a0e-b447d9092743
debug: Inspect file:///D:/game/iKunGame/assets/script/main.ts
debug: Resolve cc from file:///D:/game/iKunGame/assets/script/main.ts as cce:/internal/x/cc.
debug: Resolve cc from file:///D:/game/iKunGame/assets/script/main.ts as cce:/internal/x/cc.
debug: Target(editor) ends with cost 33.92300000041723ms.
debug: Target(preview) build started.
debug: Detected change: cce:/internal/x/prerequisite-imports. Last mtime: Thu Jan 01 1970 08:17:35 GMT+0800 (中国标准时间), Current mtime: Thu Jan 01 1970 08:18:01 GMT+0800 (中国标准时间)
debug: Inspect cce:/internal/x/prerequisite-imports
debug: Resolve file:///D:/game/iKunGame/assets/script/main.ts from cce:/internal/x/prerequisite-imports as file:///D:/game/iKunGame/assets/script/main.ts.
debug: Detected change: file:///D:/game/iKunGame/assets/script/main.ts. Last mtime: Sat Aug 13 2022 23:20:16 GMT+0800 (中国标准时间)@e3179c8d-697e-41e4-8a0e-b447d9092743, Current mtime: Sat Aug 13 2022 23:20:43 GMT+0800 (中国标准时间)@e3179c8d-697e-41e4-8a0e-b447d9092743
debug: Inspect file:///D:/game/iKunGame/assets/script/main.ts
debug: Resolve cc from file:///D:/game/iKunGame/assets/script/main.ts as cce:/internal/x/cc.
debug: Resolve cc from file:///D:/game/iKunGame/assets/script/main.ts as cce:/internal/x/cc.
debug: Target(preview) ends with cost 61.12719999998808ms.
debug: Dispatch build request for time accumulated 1 asset changes.
debug: Build iteration starts.
Number of accumulated asset changes: 1
Feature changed: false
debug: Target(editor) build started.
debug: Detected change: cce:/internal/x/prerequisite-imports. Last mtime: Thu Jan 01 1970 08:18:01 GMT+0800 (中国标准时间), Current mtime: Thu Jan 01 1970 08:22:04 GMT+0800 (中国标准时间)
debug: Inspect cce:/internal/x/prerequisite-imports
debug: Resolve file:///D:/game/iKunGame/assets/script/main.ts from cce:/internal/x/prerequisite-imports as file:///D:/game/iKunGame/assets/script/main.ts.
debug: Detected change: file:///D:/game/iKunGame/assets/script/main.ts. Last mtime: Sat Aug 13 2022 23:20:43 GMT+0800 (中国标准时间)@e3179c8d-697e-41e4-8a0e-b447d9092743, Current mtime: Sat Aug 13 2022 23:24:44 GMT+0800 (中国标准时间)@e3179c8d-697e-41e4-8a0e-b447d9092743
debug: Inspect file:///D:/game/iKunGame/assets/script/main.ts
debug: Resolve cc from file:///D:/game/iKunGame/assets/script/main.ts as cce:/internal/x/cc.
debug: Resolve cc from file:///D:/game/iKunGame/assets/script/main.ts as cce:/internal/x/cc.
debug: Target(editor) ends with cost 41.54549999535084ms.
debug: Target(preview) build started.
debug: Detected change: cce:/internal/x/prerequisite-imports. Last mtime: Thu Jan 01 1970 08:18:01 GMT+0800 (中国标准时间), Current mtime: Thu Jan 01 1970 08:22:04 GMT+0800 (中国标准时间)
debug: Inspect cce:/internal/x/prerequisite-imports
debug: Resolve file:///D:/game/iKunGame/assets/script/main.ts from cce:/internal/x/prerequisite-imports as file:///D:/game/iKunGame/assets/script/main.ts.
debug: Detected change: file:///D:/game/iKunGame/assets/script/main.ts. Last mtime: Sat Aug 13 2022 23:20:43 GMT+0800 (中国标准时间)@e3179c8d-697e-41e4-8a0e-b447d9092743, Current mtime: Sat Aug 13 2022 23:24:44 GMT+0800 (中国标准时间)@e3179c8d-697e-41e4-8a0e-b447d9092743
debug: Inspect file:///D:/game/iKunGame/assets/script/main.ts
debug: Resolve cc from file:///D:/game/iKunGame/assets/script/main.ts as cce:/internal/x/cc.
debug: Resolve cc from file:///D:/game/iKunGame/assets/script/main.ts as cce:/internal/x/cc.
debug: Target(preview) ends with cost 58.60240000486374ms.
debug: Dispatch build request for time accumulated 1 asset changes.
debug: Build iteration starts.
Number of accumulated asset changes: 1
Feature changed: false
debug: Target(editor) build started.
debug: Detected change: cce:/internal/x/prerequisite-imports. Last mtime: Thu Jan 01 1970 08:22:04 GMT+0800 (中国标准时间), Current mtime: Thu Jan 01 1970 08:23:52 GMT+0800 (中国标准时间)
debug: Inspect cce:/internal/x/prerequisite-imports
debug: Resolve file:///D:/game/iKunGame/assets/script/main.ts from cce:/internal/x/prerequisite-imports as file:///D:/game/iKunGame/assets/script/main.ts.
debug: Detected change: file:///D:/game/iKunGame/assets/script/main.ts. Last mtime: Sat Aug 13 2022 23:24:44 GMT+0800 (中国标准时间)@e3179c8d-697e-41e4-8a0e-b447d9092743, Current mtime: Sat Aug 13 2022 23:26:32 GMT+0800 (中国标准时间)@e3179c8d-697e-41e4-8a0e-b447d9092743
debug: Inspect file:///D:/game/iKunGame/assets/script/main.ts
debug: Resolve cc from file:///D:/game/iKunGame/assets/script/main.ts as cce:/internal/x/cc.
debug: Resolve cc from file:///D:/game/iKunGame/assets/script/main.ts as cce:/internal/x/cc.
debug: Target(editor) ends with cost 33.347099997103214ms.
debug: Target(preview) build started.
debug: Detected change: cce:/internal/x/prerequisite-imports. Last mtime: Thu Jan 01 1970 08:22:04 GMT+0800 (中国标准时间), Current mtime: Thu Jan 01 1970 08:23:52 GMT+0800 (中国标准时间)
debug: Inspect cce:/internal/x/prerequisite-imports
debug: Resolve file:///D:/game/iKunGame/assets/script/main.ts from cce:/internal/x/prerequisite-imports as file:///D:/game/iKunGame/assets/script/main.ts.
debug: Detected change: file:///D:/game/iKunGame/assets/script/main.ts. Last mtime: Sat Aug 13 2022 23:24:44 GMT+0800 (中国标准时间)@e3179c8d-697e-41e4-8a0e-b447d9092743, Current mtime: Sat Aug 13 2022 23:26:32 GMT+0800 (中国标准时间)@e3179c8d-697e-41e4-8a0e-b447d9092743
debug: Inspect file:///D:/game/iKunGame/assets/script/main.ts
debug: Resolve cc from file:///D:/game/iKunGame/assets/script/main.ts as cce:/internal/x/cc.
debug: Resolve cc from file:///D:/game/iKunGame/assets/script/main.ts as cce:/internal/x/cc.
debug: Target(preview) ends with cost 66.5494000017643ms.
debug: Dispatch build request for time accumulated 1 asset changes.
debug: Build iteration starts.
Number of accumulated asset changes: 1
Feature changed: false
debug: Target(editor) build started.
debug: Detected change: cce:/internal/x/prerequisite-imports. Last mtime: Thu Jan 01 1970 08:23:52 GMT+0800 (中国标准时间), Current mtime: Thu Jan 01 1970 08:28:53 GMT+0800 (中国标准时间)
debug: Inspect cce:/internal/x/prerequisite-imports
debug: Resolve file:///D:/game/iKunGame/assets/script/main.ts from cce:/internal/x/prerequisite-imports as file:///D:/game/iKunGame/assets/script/main.ts.
debug: Detected change: file:///D:/game/iKunGame/assets/script/main.ts. Last mtime: Sat Aug 13 2022 23:26:32 GMT+0800 (中国标准时间)@e3179c8d-697e-41e4-8a0e-b447d9092743, Current mtime: Sat Aug 13 2022 23:31:33 GMT+0800 (中国标准时间)@e3179c8d-697e-41e4-8a0e-b447d9092743
debug: Inspect file:///D:/game/iKunGame/assets/script/main.ts
debug: Resolve cc from file:///D:/game/iKunGame/assets/script/main.ts as cce:/internal/x/cc.
debug: Resolve cc from file:///D:/game/iKunGame/assets/script/main.ts as cce:/internal/x/cc.
debug: Target(editor) ends with cost 94.84489999711514ms.
debug: Target(preview) build started.
debug: Detected change: cce:/internal/x/prerequisite-imports. Last mtime: Thu Jan 01 1970 08:23:52 GMT+0800 (中国标准时间), Current mtime: Thu Jan 01 1970 08:28:53 GMT+0800 (中国标准时间)
debug: Inspect cce:/internal/x/prerequisite-imports
debug: Resolve file:///D:/game/iKunGame/assets/script/main.ts from cce:/internal/x/prerequisite-imports as file:///D:/game/iKunGame/assets/script/main.ts.
debug: Detected change: file:///D:/game/iKunGame/assets/script/main.ts. Last mtime: Sat Aug 13 2022 23:26:32 GMT+0800 (中国标准时间)@e3179c8d-697e-41e4-8a0e-b447d9092743, Current mtime: Sat Aug 13 2022 23:31:33 GMT+0800 (中国标准时间)@e3179c8d-697e-41e4-8a0e-b447d9092743
debug: Inspect file:///D:/game/iKunGame/assets/script/main.ts
debug: Resolve cc from file:///D:/game/iKunGame/assets/script/main.ts as cce:/internal/x/cc.
debug: Resolve cc from file:///D:/game/iKunGame/assets/script/main.ts as cce:/internal/x/cc.
debug: Target(preview) ends with cost 103.57360000163317ms.
debug: Dispatch build request for time accumulated 1 asset changes.
debug: Build iteration starts.
Number of accumulated asset changes: 1
Feature changed: false
debug: Target(editor) build started.
debug: Detected change: cce:/internal/x/prerequisite-imports. Last mtime: Thu Jan 01 1970 08:28:53 GMT+0800 (中国标准时间), Current mtime: Thu Jan 01 1970 08:29:19 GMT+0800 (中国标准时间)
debug: Inspect cce:/internal/x/prerequisite-imports
debug: Resolve file:///D:/game/iKunGame/assets/script/main.ts from cce:/internal/x/prerequisite-imports as file:///D:/game/iKunGame/assets/script/main.ts.
debug: Detected change: file:///D:/game/iKunGame/assets/script/main.ts. Last mtime: Sat Aug 13 2022 23:31:33 GMT+0800 (中国标准时间)@e3179c8d-697e-41e4-8a0e-b447d9092743, Current mtime: Sat Aug 13 2022 23:31:59 GMT+0800 (中国标准时间)@e3179c8d-697e-41e4-8a0e-b447d9092743
debug: Inspect file:///D:/game/iKunGame/assets/script/main.ts
debug: Resolve cc from file:///D:/game/iKunGame/assets/script/main.ts as cce:/internal/x/cc.
debug: Resolve cc from file:///D:/game/iKunGame/assets/script/main.ts as cce:/internal/x/cc.
debug: Target(editor) ends with cost 63.05389999598265ms.
debug: Target(preview) build started.
debug: Detected change: cce:/internal/x/prerequisite-imports. Last mtime: Thu Jan 01 1970 08:28:53 GMT+0800 (中国标准时间), Current mtime: Thu Jan 01 1970 08:29:19 GMT+0800 (中国标准时间)
debug: Inspect cce:/internal/x/prerequisite-imports
debug: Resolve file:///D:/game/iKunGame/assets/script/main.ts from cce:/internal/x/prerequisite-imports as file:///D:/game/iKunGame/assets/script/main.ts.
debug: Detected change: file:///D:/game/iKunGame/assets/script/main.ts. Last mtime: Sat Aug 13 2022 23:31:33 GMT+0800 (中国标准时间)@e3179c8d-697e-41e4-8a0e-b447d9092743, Current mtime: Sat Aug 13 2022 23:31:59 GMT+0800 (中国标准时间)@e3179c8d-697e-41e4-8a0e-b447d9092743
debug: Inspect file:///D:/game/iKunGame/assets/script/main.ts
debug: Resolve cc from file:///D:/game/iKunGame/assets/script/main.ts as cce:/internal/x/cc.
debug: Resolve cc from file:///D:/game/iKunGame/assets/script/main.ts as cce:/internal/x/cc.
debug: Target(preview) ends with cost 123.09220000356436ms.
debug: Dispatch build request for time accumulated 1 asset changes.
debug: Build iteration starts.
Number of accumulated asset changes: 1
Feature changed: false
debug: Target(editor) build started.
debug: Detected change: cce:/internal/x/prerequisite-imports. Last mtime: Thu Jan 01 1970 08:29:19 GMT+0800 (中国标准时间), Current mtime: Thu Jan 01 1970 08:34:48 GMT+0800 (中国标准时间)
debug: Inspect cce:/internal/x/prerequisite-imports
debug: Resolve file:///D:/game/iKunGame/assets/script/main.ts from cce:/internal/x/prerequisite-imports as file:///D:/game/iKunGame/assets/script/main.ts.
debug: Detected change: file:///D:/game/iKunGame/assets/script/main.ts. Last mtime: Sat Aug 13 2022 23:31:59 GMT+0800 (中国标准时间)@e3179c8d-697e-41e4-8a0e-b447d9092743, Current mtime: Sat Aug 13 2022 23:37:29 GMT+0800 (中国标准时间)@e3179c8d-697e-41e4-8a0e-b447d9092743
debug: Inspect file:///D:/game/iKunGame/assets/script/main.ts
debug: Resolve cc from file:///D:/game/iKunGame/assets/script/main.ts as cce:/internal/x/cc.
debug: Resolve cc from file:///D:/game/iKunGame/assets/script/main.ts as cce:/internal/x/cc.
debug: Target(editor) ends with cost 94.5705999955535ms.
debug: Target(preview) build started.
debug: Detected change: cce:/internal/x/prerequisite-imports. Last mtime: Thu Jan 01 1970 08:29:19 GMT+0800 (中国标准时间), Current mtime: Thu Jan 01 1970 08:34:48 GMT+0800 (中国标准时间)
debug: Inspect cce:/internal/x/prerequisite-imports
debug: Resolve file:///D:/game/iKunGame/assets/script/main.ts from cce:/internal/x/prerequisite-imports as file:///D:/game/iKunGame/assets/script/main.ts.
debug: Detected change: file:///D:/game/iKunGame/assets/script/main.ts. Last mtime: Sat Aug 13 2022 23:31:59 GMT+0800 (中国标准时间)@e3179c8d-697e-41e4-8a0e-b447d9092743, Current mtime: Sat Aug 13 2022 23:37:29 GMT+0800 (中国标准时间)@e3179c8d-697e-41e4-8a0e-b447d9092743
debug: Inspect file:///D:/game/iKunGame/assets/script/main.ts
debug: Resolve cc from file:///D:/game/iKunGame/assets/script/main.ts as cce:/internal/x/cc.
debug: Resolve cc from file:///D:/game/iKunGame/assets/script/main.ts as cce:/internal/x/cc.
debug: Target(preview) ends with cost 188.38350000232458ms.
debug: Dispatch build request for time accumulated 1 asset changes.
debug: Build iteration starts.
Number of accumulated asset changes: 1
Feature changed: false
debug: Target(editor) build started.
debug: Detected change: cce:/internal/x/prerequisite-imports. Last mtime: Thu Jan 01 1970 08:34:48 GMT+0800 (中国标准时间), Current mtime: Thu Jan 01 1970 08:35:23 GMT+0800 (中国标准时间)
debug: Inspect cce:/internal/x/prerequisite-imports
debug: Resolve file:///D:/game/iKunGame/assets/script/main.ts from cce:/internal/x/prerequisite-imports as file:///D:/game/iKunGame/assets/script/main.ts.
debug: Detected change: file:///D:/game/iKunGame/assets/script/main.ts. Last mtime: Sat Aug 13 2022 23:37:29 GMT+0800 (中国标准时间)@e3179c8d-697e-41e4-8a0e-b447d9092743, Current mtime: Sat Aug 13 2022 23:38:04 GMT+0800 (中国标准时间)@e3179c8d-697e-41e4-8a0e-b447d9092743
debug: Inspect file:///D:/game/iKunGame/assets/script/main.ts
debug: Resolve cc from file:///D:/game/iKunGame/assets/script/main.ts as cce:/internal/x/cc.
debug: Resolve cc from file:///D:/game/iKunGame/assets/script/main.ts as cce:/internal/x/cc.
debug: Target(editor) ends with cost 42.55579999834299ms.
debug: Target(preview) build started.
debug: Detected change: cce:/internal/x/prerequisite-imports. Last mtime: Thu Jan 01 1970 08:34:48 GMT+0800 (中国标准时间), Current mtime: Thu Jan 01 1970 08:35:23 GMT+0800 (中国标准时间)
debug: Inspect cce:/internal/x/prerequisite-imports
debug: Resolve file:///D:/game/iKunGame/assets/script/main.ts from cce:/internal/x/prerequisite-imports as file:///D:/game/iKunGame/assets/script/main.ts.
debug: Detected change: file:///D:/game/iKunGame/assets/script/main.ts. Last mtime: Sat Aug 13 2022 23:37:29 GMT+0800 (中国标准时间)@e3179c8d-697e-41e4-8a0e-b447d9092743, Current mtime: Sat Aug 13 2022 23:38:04 GMT+0800 (中国标准时间)@e3179c8d-697e-41e4-8a0e-b447d9092743
debug: Inspect file:///D:/game/iKunGame/assets/script/main.ts
debug: Resolve cc from file:///D:/game/iKunGame/assets/script/main.ts as cce:/internal/x/cc.
debug: Resolve cc from file:///D:/game/iKunGame/assets/script/main.ts as cce:/internal/x/cc.
debug: Target(preview) ends with cost 69.48840000480413ms.
debug: Dispatch build request for time accumulated 1 asset changes.
debug: Build iteration starts.
Number of accumulated asset changes: 1
Feature changed: false
debug: Target(editor) build started.
debug: Detected change: cce:/internal/x/prerequisite-imports. Last mtime: Thu Jan 01 1970 08:35:23 GMT+0800 (中国标准时间), Current mtime: Thu Jan 01 1970 08:36:35 GMT+0800 (中国标准时间)
debug: Inspect cce:/internal/x/prerequisite-imports
debug: Resolve file:///D:/game/iKunGame/assets/script/main.ts from cce:/internal/x/prerequisite-imports as file:///D:/game/iKunGame/assets/script/main.ts.
debug: Detected change: file:///D:/game/iKunGame/assets/script/main.ts. Last mtime: Sat Aug 13 2022 23:38:04 GMT+0800 (中国标准时间)@e3179c8d-697e-41e4-8a0e-b447d9092743, Current mtime: Sat Aug 13 2022 23:39:15 GMT+0800 (中国标准时间)@e3179c8d-697e-41e4-8a0e-b447d9092743
debug: Inspect file:///D:/game/iKunGame/assets/script/main.ts
debug: Resolve cc from file:///D:/game/iKunGame/assets/script/main.ts as cce:/internal/x/cc.
debug: Resolve cc from file:///D:/game/iKunGame/assets/script/main.ts as cce:/internal/x/cc.
debug: Target(editor) ends with cost 57.718199998140335ms.
debug: Target(preview) build started.
debug: Detected change: cce:/internal/x/prerequisite-imports. Last mtime: Thu Jan 01 1970 08:35:23 GMT+0800 (中国标准时间), Current mtime: Thu Jan 01 1970 08:36:35 GMT+0800 (中国标准时间)
debug: Inspect cce:/internal/x/prerequisite-imports
debug: Resolve file:///D:/game/iKunGame/assets/script/main.ts from cce:/internal/x/prerequisite-imports as file:///D:/game/iKunGame/assets/script/main.ts.
debug: Detected change: file:///D:/game/iKunGame/assets/script/main.ts. Last mtime: Sat Aug 13 2022 23:38:04 GMT+0800 (中国标准时间)@e3179c8d-697e-41e4-8a0e-b447d9092743, Current mtime: Sat Aug 13 2022 23:39:15 GMT+0800 (中国标准时间)@e3179c8d-697e-41e4-8a0e-b447d9092743
debug: Inspect file:///D:/game/iKunGame/assets/script/main.ts
debug: Resolve cc from file:///D:/game/iKunGame/assets/script/main.ts as cce:/internal/x/cc.
debug: Resolve cc from file:///D:/game/iKunGame/assets/script/main.ts as cce:/internal/x/cc.
debug: Target(preview) ends with cost 142.96599999815226ms.
debug: Dispatch build request for time accumulated 1 asset changes.
debug: Build iteration starts.
Number of accumulated asset changes: 1
Feature changed: false
debug: Target(editor) build started.
debug: Detected change: cce:/internal/x/prerequisite-imports. Last mtime: Thu Jan 01 1970 08:36:35 GMT+0800 (中国标准时间), Current mtime: Thu Jan 01 1970 08:37:07 GMT+0800 (中国标准时间)
debug: Inspect cce:/internal/x/prerequisite-imports
debug: Resolve file:///D:/game/iKunGame/assets/script/main.ts from cce:/internal/x/prerequisite-imports as file:///D:/game/iKunGame/assets/script/main.ts.
debug: Detected change: file:///D:/game/iKunGame/assets/script/main.ts. Last mtime: Sat Aug 13 2022 23:39:15 GMT+0800 (中国标准时间)@e3179c8d-697e-41e4-8a0e-b447d9092743, Current mtime: Sat Aug 13 2022 23:39:49 GMT+0800 (中国标准时间)@e3179c8d-697e-41e4-8a0e-b447d9092743
debug: Inspect file:///D:/game/iKunGame/assets/script/main.ts
debug: Resolve cc from file:///D:/game/iKunGame/assets/script/main.ts as cce:/internal/x/cc.
debug: Resolve cc from file:///D:/game/iKunGame/assets/script/main.ts as cce:/internal/x/cc.
debug: Target(editor) ends with cost 35.89340000599623ms.
debug: Target(preview) build started.
debug: Detected change: cce:/internal/x/prerequisite-imports. Last mtime: Thu Jan 01 1970 08:36:35 GMT+0800 (中国标准时间), Current mtime: Thu Jan 01 1970 08:37:07 GMT+0800 (中国标准时间)
debug: Inspect cce:/internal/x/prerequisite-imports
debug: Resolve file:///D:/game/iKunGame/assets/script/main.ts from cce:/internal/x/prerequisite-imports as file:///D:/game/iKunGame/assets/script/main.ts.
debug: Detected change: file:///D:/game/iKunGame/assets/script/main.ts. Last mtime: Sat Aug 13 2022 23:39:15 GMT+0800 (中国标准时间)@e3179c8d-697e-41e4-8a0e-b447d9092743, Current mtime: Sat Aug 13 2022 23:39:49 GMT+0800 (中国标准时间)@e3179c8d-697e-41e4-8a0e-b447d9092743
debug: Inspect file:///D:/game/iKunGame/assets/script/main.ts
debug: Resolve cc from file:///D:/game/iKunGame/assets/script/main.ts as cce:/internal/x/cc.
debug: Resolve cc from file:///D:/game/iKunGame/assets/script/main.ts as cce:/internal/x/cc.
debug: Target(preview) ends with cost 44.37260000407696ms.
debug: Dispatch build request for time accumulated 1 asset changes.
debug: Build iteration starts.
Number of accumulated asset changes: 1
Feature changed: false
debug: Target(editor) build started.
debug: Detected change: cce:/internal/x/prerequisite-imports. Last mtime: Thu Jan 01 1970 08:37:07 GMT+0800 (中国标准时间), Current mtime: Thu Jan 01 1970 08:37:16 GMT+0800 (中国标准时间)
debug: Inspect cce:/internal/x/prerequisite-imports
debug: Resolve file:///D:/game/iKunGame/assets/script/main.ts from cce:/internal/x/prerequisite-imports as file:///D:/game/iKunGame/assets/script/main.ts.
debug: Detected change: file:///D:/game/iKunGame/assets/script/main.ts. Last mtime: Sat Aug 13 2022 23:39:49 GMT+0800 (中国标准时间)@e3179c8d-697e-41e4-8a0e-b447d9092743, Current mtime: Sat Aug 13 2022 23:39:58 GMT+0800 (中国标准时间)@e3179c8d-697e-41e4-8a0e-b447d9092743
debug: Inspect file:///D:/game/iKunGame/assets/script/main.ts
debug: Resolve cc from file:///D:/game/iKunGame/assets/script/main.ts as cce:/internal/x/cc.
debug: Resolve cc from file:///D:/game/iKunGame/assets/script/main.ts as cce:/internal/x/cc.
debug: Target(editor) ends with cost 29.58339999616146ms.
debug: Target(preview) build started.
debug: Detected change: cce:/internal/x/prerequisite-imports. Last mtime: Thu Jan 01 1970 08:37:07 GMT+0800 (中国标准时间), Current mtime: Thu Jan 01 1970 08:37:16 GMT+0800 (中国标准时间)
debug: Inspect cce:/internal/x/prerequisite-imports
debug: Resolve file:///D:/game/iKunGame/assets/script/main.ts from cce:/internal/x/prerequisite-imports as file:///D:/game/iKunGame/assets/script/main.ts.
debug: Detected change: file:///D:/game/iKunGame/assets/script/main.ts. Last mtime: Sat Aug 13 2022 23:39:49 GMT+0800 (中国标准时间)@e3179c8d-697e-41e4-8a0e-b447d9092743, Current mtime: Sat Aug 13 2022 23:39:58 GMT+0800 (中国标准时间)@e3179c8d-697e-41e4-8a0e-b447d9092743
debug: Inspect file:///D:/game/iKunGame/assets/script/main.ts
debug: Resolve cc from file:///D:/game/iKunGame/assets/script/main.ts as cce:/internal/x/cc.
debug: Resolve cc from file:///D:/game/iKunGame/assets/script/main.ts as cce:/internal/x/cc.
debug: Target(preview) ends with cost 48.90489999949932ms.
debug: Dispatch build request for time accumulated 1 asset changes.
debug: Build iteration starts.
Number of accumulated asset changes: 1
Feature changed: false
debug: Target(editor) build started.
debug: Detected change: cce:/internal/x/prerequisite-imports. Last mtime: Thu Jan 01 1970 08:37:16 GMT+0800 (中国标准时间), Current mtime: Thu Jan 01 1970 08:39:51 GMT+0800 (中国标准时间)
debug: Inspect cce:/internal/x/prerequisite-imports
debug: Resolve file:///D:/game/iKunGame/assets/script/main.ts from cce:/internal/x/prerequisite-imports as file:///D:/game/iKunGame/assets/script/main.ts.
debug: Detected change: file:///D:/game/iKunGame/assets/script/main.ts. Last mtime: Sat Aug 13 2022 23:39:58 GMT+0800 (中国标准时间)@e3179c8d-697e-41e4-8a0e-b447d9092743, Current mtime: Sat Aug 13 2022 23:42:31 GMT+0800 (中国标准时间)@e3179c8d-697e-41e4-8a0e-b447d9092743
debug: Inspect file:///D:/game/iKunGame/assets/script/main.ts
debug: Resolve cc from file:///D:/game/iKunGame/assets/script/main.ts as cce:/internal/x/cc.
debug: Resolve cc from file:///D:/game/iKunGame/assets/script/main.ts as cce:/internal/x/cc.
debug: Target(editor) ends with cost 35.28620000183582ms.
debug: Target(preview) build started.
debug: Detected change: cce:/internal/x/prerequisite-imports. Last mtime: Thu Jan 01 1970 08:37:16 GMT+0800 (中国标准时间), Current mtime: Thu Jan 01 1970 08:39:51 GMT+0800 (中国标准时间)
debug: Inspect cce:/internal/x/prerequisite-imports
debug: Resolve file:///D:/game/iKunGame/assets/script/main.ts from cce:/internal/x/prerequisite-imports as file:///D:/game/iKunGame/assets/script/main.ts.
debug: Detected change: file:///D:/game/iKunGame/assets/script/main.ts. Last mtime: Sat Aug 13 2022 23:39:58 GMT+0800 (中国标准时间)@e3179c8d-697e-41e4-8a0e-b447d9092743, Current mtime: Sat Aug 13 2022 23:42:31 GMT+0800 (中国标准时间)@e3179c8d-697e-41e4-8a0e-b447d9092743
debug: Inspect file:///D:/game/iKunGame/assets/script/main.ts
debug: Resolve cc from file:///D:/game/iKunGame/assets/script/main.ts as cce:/internal/x/cc.
debug: Resolve cc from file:///D:/game/iKunGame/assets/script/main.ts as cce:/internal/x/cc.
debug: Target(preview) ends with cost 43.868500001728535ms.
debug: Dispatch build request for time accumulated 1 asset changes.
debug: Build iteration starts.
Number of accumulated asset changes: 1
Feature changed: false
debug: Target(editor) build started.
debug: Detected change: cce:/internal/x/prerequisite-imports. Last mtime: Thu Jan 01 1970 08:39:51 GMT+0800 (中国标准时间), Current mtime: Thu Jan 01 1970 08:41:21 GMT+0800 (中国标准时间)
debug: Inspect cce:/internal/x/prerequisite-imports
debug: Resolve file:///D:/game/iKunGame/assets/script/main.ts from cce:/internal/x/prerequisite-imports as file:///D:/game/iKunGame/assets/script/main.ts.
debug: Detected change: file:///D:/game/iKunGame/assets/script/main.ts. Last mtime: Sat Aug 13 2022 23:42:31 GMT+0800 (中国标准时间)@e3179c8d-697e-41e4-8a0e-b447d9092743, Current mtime: Sat Aug 13 2022 23:44:03 GMT+0800 (中国标准时间)@e3179c8d-697e-41e4-8a0e-b447d9092743
debug: Inspect file:///D:/game/iKunGame/assets/script/main.ts
debug: Resolve cc from file:///D:/game/iKunGame/assets/script/main.ts as cce:/internal/x/cc.
debug: Resolve cc from file:///D:/game/iKunGame/assets/script/main.ts as cce:/internal/x/cc.
debug: Target(editor) ends with cost 52.184399999678135ms.
debug: Target(preview) build started.
debug: Detected change: cce:/internal/x/prerequisite-imports. Last mtime: Thu Jan 01 1970 08:39:51 GMT+0800 (中国标准时间), Current mtime: Thu Jan 01 1970 08:41:21 GMT+0800 (中国标准时间)
debug: Inspect cce:/internal/x/prerequisite-imports
debug: Resolve file:///D:/game/iKunGame/assets/script/main.ts from cce:/internal/x/prerequisite-imports as file:///D:/game/iKunGame/assets/script/main.ts.
debug: Detected change: file:///D:/game/iKunGame/assets/script/main.ts. Last mtime: Sat Aug 13 2022 23:42:31 GMT+0800 (中国标准时间)@e3179c8d-697e-41e4-8a0e-b447d9092743, Current mtime: Sat Aug 13 2022 23:44:03 GMT+0800 (中国标准时间)@e3179c8d-697e-41e4-8a0e-b447d9092743
debug: Inspect file:///D:/game/iKunGame/assets/script/main.ts
debug: Resolve cc from file:///D:/game/iKunGame/assets/script/main.ts as cce:/internal/x/cc.
debug: Resolve cc from file:///D:/game/iKunGame/assets/script/main.ts as cce:/internal/x/cc.
debug: Target(preview) ends with cost 85.30330000072718ms.
debug: Dispatch build request for time accumulated 1 asset changes.
debug: Build iteration starts.
Number of accumulated asset changes: 1
Feature changed: false
debug: Target(editor) build started.
debug: Detected change: cce:/internal/x/prerequisite-imports. Last mtime: Thu Jan 01 1970 08:41:21 GMT+0800 (中国标准时间), Current mtime: Thu Jan 01 1970 08:41:43 GMT+0800 (中国标准时间)
debug: Inspect cce:/internal/x/prerequisite-imports
debug: Resolve file:///D:/game/iKunGame/assets/script/main.ts from cce:/internal/x/prerequisite-imports as file:///D:/game/iKunGame/assets/script/main.ts.
debug: Detected change: file:///D:/game/iKunGame/assets/script/main.ts. Last mtime: Sat Aug 13 2022 23:44:03 GMT+0800 (中国标准时间)@e3179c8d-697e-41e4-8a0e-b447d9092743, Current mtime: Sat Aug 13 2022 23:44:25 GMT+0800 (中国标准时间)@e3179c8d-697e-41e4-8a0e-b447d9092743
debug: Inspect file:///D:/game/iKunGame/assets/script/main.ts
debug: Resolve cc from file:///D:/game/iKunGame/assets/script/main.ts as cce:/internal/x/cc.
debug: Resolve cc from file:///D:/game/iKunGame/assets/script/main.ts as cce:/internal/x/cc.
debug: Target(editor) ends with cost 37.82889999449253ms.
debug: Target(preview) build started.
debug: Detected change: cce:/internal/x/prerequisite-imports. Last mtime: Thu Jan 01 1970 08:41:21 GMT+0800 (中国标准时间), Current mtime: Thu Jan 01 1970 08:41:43 GMT+0800 (中国标准时间)
debug: Inspect cce:/internal/x/prerequisite-imports
debug: Resolve file:///D:/game/iKunGame/assets/script/main.ts from cce:/internal/x/prerequisite-imports as file:///D:/game/iKunGame/assets/script/main.ts.
debug: Detected change: file:///D:/game/iKunGame/assets/script/main.ts. Last mtime: Sat Aug 13 2022 23:44:03 GMT+0800 (中国标准时间)@e3179c8d-697e-41e4-8a0e-b447d9092743, Current mtime: Sat Aug 13 2022 23:44:25 GMT+0800 (中国标准时间)@e3179c8d-697e-41e4-8a0e-b447d9092743
debug: Inspect file:///D:/game/iKunGame/assets/script/main.ts
debug: Resolve cc from file:///D:/game/iKunGame/assets/script/main.ts as cce:/internal/x/cc.
debug: Resolve cc from file:///D:/game/iKunGame/assets/script/main.ts as cce:/internal/x/cc.
debug: Target(preview) ends with cost 55.2707000002265ms.
debug: Dispatch build request for time accumulated 1 asset changes.
debug: Build iteration starts.
Number of accumulated asset changes: 1
Feature changed: false
debug: Target(editor) build started.
debug: Detected change: cce:/internal/x/prerequisite-imports. Last mtime: Thu Jan 01 1970 08:41:43 GMT+0800 (中国标准时间), Current mtime: Thu Jan 01 1970 08:54:46 GMT+0800 (中国标准时间)
debug: Inspect cce:/internal/x/prerequisite-imports
debug: Resolve file:///D:/game/iKunGame/assets/script/main.ts from cce:/internal/x/prerequisite-imports as file:///D:/game/iKunGame/assets/script/main.ts.
debug: Detected change: file:///D:/game/iKunGame/assets/script/main.ts. Last mtime: Sat Aug 13 2022 23:44:25 GMT+0800 (中国标准时间)@e3179c8d-697e-41e4-8a0e-b447d9092743, Current mtime: Sat Aug 13 2022 23:56:29 GMT+0800 (中国标准时间)@e3179c8d-697e-41e4-8a0e-b447d9092743
debug: Inspect file:///D:/game/iKunGame/assets/script/main.ts
debug: Resolve cc from file:///D:/game/iKunGame/assets/script/main.ts as cce:/internal/x/cc.
debug: Resolve cc from file:///D:/game/iKunGame/assets/script/main.ts as cce:/internal/x/cc.
debug: Target(editor) ends with cost 38.947300001978874ms.
debug: Target(preview) build started.
debug: Detected change: cce:/internal/x/prerequisite-imports. Last mtime: Thu Jan 01 1970 08:41:43 GMT+0800 (中国标准时间), Current mtime: Thu Jan 01 1970 08:54:47 GMT+0800 (中国标准时间)
debug: Inspect cce:/internal/x/prerequisite-imports
debug: Resolve file:///D:/game/iKunGame/assets/script/main.ts from cce:/internal/x/prerequisite-imports as file:///D:/game/iKunGame/assets/script/main.ts.
debug: Detected change: file:///D:/game/iKunGame/assets/script/main.ts. Last mtime: Sat Aug 13 2022 23:44:25 GMT+0800 (中国标准时间)@e3179c8d-697e-41e4-8a0e-b447d9092743, Current mtime: Sat Aug 13 2022 23:56:29 GMT+0800 (中国标准时间)@e3179c8d-697e-41e4-8a0e-b447d9092743
debug: Inspect file:///D:/game/iKunGame/assets/script/main.ts
debug: Resolve cc from file:///D:/game/iKunGame/assets/script/main.ts as cce:/internal/x/cc.
debug: Resolve cc from file:///D:/game/iKunGame/assets/script/main.ts as cce:/internal/x/cc.
debug: Target(preview) ends with cost 54.849399998784065ms.
debug: Dispatch build request for time accumulated 1 asset changes.
debug: Build iteration starts.
Number of accumulated asset changes: 1
Feature changed: false
debug: Target(editor) build started.
debug: Detected change: cce:/internal/x/prerequisite-imports. Last mtime: Thu Jan 01 1970 08:54:46 GMT+0800 (中国标准时间), Current mtime: Thu Jan 01 1970 09:00:14 GMT+0800 (中国标准时间)
debug: Inspect cce:/internal/x/prerequisite-imports
debug: Resolve file:///D:/game/iKunGame/assets/script/main.ts from cce:/internal/x/prerequisite-imports as file:///D:/game/iKunGame/assets/script/main.ts.
debug: Detected change: file:///D:/game/iKunGame/assets/script/main.ts. Last mtime: Sat Aug 13 2022 23:56:29 GMT+0800 (中国标准时间)@e3179c8d-697e-41e4-8a0e-b447d9092743, Current mtime: Sun Aug 14 2022 00:02:48 GMT+0800 (中国标准时间)@e3179c8d-697e-41e4-8a0e-b447d9092743
debug: Inspect file:///D:/game/iKunGame/assets/script/main.ts
debug: Resolve cc from file:///D:/game/iKunGame/assets/script/main.ts as cce:/internal/x/cc.
debug: Resolve cc from file:///D:/game/iKunGame/assets/script/main.ts as cce:/internal/x/cc.
debug: Target(editor) ends with cost 53.7483000010252ms.
debug: Target(preview) build started.
debug: Detected change: cce:/internal/x/prerequisite-imports. Last mtime: Thu Jan 01 1970 08:54:47 GMT+0800 (中国标准时间), Current mtime: Thu Jan 01 1970 09:00:14 GMT+0800 (中国标准时间)
debug: Inspect cce:/internal/x/prerequisite-imports
debug: Resolve file:///D:/game/iKunGame/assets/script/main.ts from cce:/internal/x/prerequisite-imports as file:///D:/game/iKunGame/assets/script/main.ts.
debug: Detected change: file:///D:/game/iKunGame/assets/script/main.ts. Last mtime: Sat Aug 13 2022 23:56:29 GMT+0800 (中国标准时间)@e3179c8d-697e-41e4-8a0e-b447d9092743, Current mtime: Sun Aug 14 2022 00:02:48 GMT+0800 (中国标准时间)@e3179c8d-697e-41e4-8a0e-b447d9092743
debug: Inspect file:///D:/game/iKunGame/assets/script/main.ts
debug: Resolve cc from file:///D:/game/iKunGame/assets/script/main.ts as cce:/internal/x/cc.
debug: Resolve cc from file:///D:/game/iKunGame/assets/script/main.ts as cce:/internal/x/cc.
debug: Target(preview) ends with cost 94.69020000100136ms.
debug: Dispatch build request for time accumulated 1 asset changes.
debug: Build iteration starts.
Number of accumulated asset changes: 1
Feature changed: false
debug: Target(editor) build started.
debug: Detected change: cce:/internal/x/prerequisite-imports. Last mtime: Thu Jan 01 1970 09:00:14 GMT+0800 (中国标准时间), Current mtime: Thu Jan 01 1970 09:01:15 GMT+0800 (中国标准时间)
debug: Inspect cce:/internal/x/prerequisite-imports
debug: Resolve file:///D:/game/iKunGame/assets/script/main.ts from cce:/internal/x/prerequisite-imports as file:///D:/game/iKunGame/assets/script/main.ts.
debug: Detected change: file:///D:/game/iKunGame/assets/script/main.ts. Last mtime: Sun Aug 14 2022 00:02:48 GMT+0800 (中国标准时间)@e3179c8d-697e-41e4-8a0e-b447d9092743, Current mtime: Sun Aug 14 2022 00:03:55 GMT+0800 (中国标准时间)@e3179c8d-697e-41e4-8a0e-b447d9092743
debug: Inspect file:///D:/game/iKunGame/assets/script/main.ts
debug: Resolve cc from file:///D:/game/iKunGame/assets/script/main.ts as cce:/internal/x/cc.
debug: Resolve cc from file:///D:/game/iKunGame/assets/script/main.ts as cce:/internal/x/cc.
debug: Target(editor) ends with cost 52.89980000257492ms.
debug: Target(preview) build started.
debug: Detected change: cce:/internal/x/prerequisite-imports. Last mtime: Thu Jan 01 1970 09:00:14 GMT+0800 (中国标准时间), Current mtime: Thu Jan 01 1970 09:01:15 GMT+0800 (中国标准时间)
debug: Inspect cce:/internal/x/prerequisite-imports
debug: Resolve file:///D:/game/iKunGame/assets/script/main.ts from cce:/internal/x/prerequisite-imports as file:///D:/game/iKunGame/assets/script/main.ts.
debug: Detected change: file:///D:/game/iKunGame/assets/script/main.ts. Last mtime: Sun Aug 14 2022 00:02:48 GMT+0800 (中国标准时间)@e3179c8d-697e-41e4-8a0e-b447d9092743, Current mtime: Sun Aug 14 2022 00:03:55 GMT+0800 (中国标准时间)@e3179c8d-697e-41e4-8a0e-b447d9092743
debug: Inspect file:///D:/game/iKunGame/assets/script/main.ts
debug: Resolve cc from file:///D:/game/iKunGame/assets/script/main.ts as cce:/internal/x/cc.
debug: Resolve cc from file:///D:/game/iKunGame/assets/script/main.ts as cce:/internal/x/cc.
debug: Target(preview) ends with cost 71.54250000417233ms.
debug: Dispatch build request for time accumulated 1 asset changes.
debug: Build iteration starts.
Number of accumulated asset changes: 1
Feature changed: false
debug: Target(editor) build started.
debug: Detected change: cce:/internal/x/prerequisite-imports. Last mtime: Thu Jan 01 1970 09:01:15 GMT+0800 (中国标准时间), Current mtime: Thu Jan 01 1970 09:01:29 GMT+0800 (中国标准时间)
debug: Inspect cce:/internal/x/prerequisite-imports
debug: Resolve file:///D:/game/iKunGame/assets/script/main.ts from cce:/internal/x/prerequisite-imports as file:///D:/game/iKunGame/assets/script/main.ts.
debug: Detected change: file:///D:/game/iKunGame/assets/script/main.ts. Last mtime: Sun Aug 14 2022 00:03:55 GMT+0800 (中国标准时间)@e3179c8d-697e-41e4-8a0e-b447d9092743, Current mtime: Sun Aug 14 2022 00:04:10 GMT+0800 (中国标准时间)@e3179c8d-697e-41e4-8a0e-b447d9092743
debug: Inspect file:///D:/game/iKunGame/assets/script/main.ts
debug: Resolve cc from file:///D:/game/iKunGame/assets/script/main.ts as cce:/internal/x/cc.
debug: Resolve cc from file:///D:/game/iKunGame/assets/script/main.ts as cce:/internal/x/cc.
debug: Target(editor) ends with cost 37.1423000022769ms.
debug: Target(preview) build started.
debug: Detected change: cce:/internal/x/prerequisite-imports. Last mtime: Thu Jan 01 1970 09:01:15 GMT+0800 (中国标准时间), Current mtime: Thu Jan 01 1970 09:01:29 GMT+0800 (中国标准时间)
debug: Inspect cce:/internal/x/prerequisite-imports
debug: Resolve file:///D:/game/iKunGame/assets/script/main.ts from cce:/internal/x/prerequisite-imports as file:///D:/game/iKunGame/assets/script/main.ts.
debug: Detected change: file:///D:/game/iKunGame/assets/script/main.ts. Last mtime: Sun Aug 14 2022 00:03:55 GMT+0800 (中国标准时间)@e3179c8d-697e-41e4-8a0e-b447d9092743, Current mtime: Sun Aug 14 2022 00:04:10 GMT+0800 (中国标准时间)@e3179c8d-697e-41e4-8a0e-b447d9092743
debug: Inspect file:///D:/game/iKunGame/assets/script/main.ts
debug: Resolve cc from file:///D:/game/iKunGame/assets/script/main.ts as cce:/internal/x/cc.
debug: Resolve cc from file:///D:/game/iKunGame/assets/script/main.ts as cce:/internal/x/cc.
debug: Target(preview) ends with cost 62.264899998903275ms.
debug: Dispatch build request for time accumulated 1 asset changes.
debug: Build iteration starts.
Number of accumulated asset changes: 1
Feature changed: false
debug: Target(editor) build started.
debug: Detected change: cce:/internal/x/prerequisite-imports. Last mtime: Thu Jan 01 1970 09:01:29 GMT+0800 (中国标准时间), Current mtime: Thu Jan 01 1970 09:04:41 GMT+0800 (中国标准时间)
debug: Inspect cce:/internal/x/prerequisite-imports
debug: Resolve file:///D:/game/iKunGame/assets/script/main.ts from cce:/internal/x/prerequisite-imports as file:///D:/game/iKunGame/assets/script/main.ts.
debug: Detected change: file:///D:/game/iKunGame/assets/script/main.ts. Last mtime: Sun Aug 14 2022 00:04:10 GMT+0800 (中国标准时间)@e3179c8d-697e-41e4-8a0e-b447d9092743, Current mtime: Sun Aug 14 2022 00:07:23 GMT+0800 (中国标准时间)@e3179c8d-697e-41e4-8a0e-b447d9092743
debug: Inspect file:///D:/game/iKunGame/assets/script/main.ts
debug: Resolve cc from file:///D:/game/iKunGame/assets/script/main.ts as cce:/internal/x/cc.
debug: Resolve cc from file:///D:/game/iKunGame/assets/script/main.ts as cce:/internal/x/cc.
debug: Target(editor) ends with cost 43.2398000061512ms.
debug: Target(preview) build started.
debug: Detected change: cce:/internal/x/prerequisite-imports. Last mtime: Thu Jan 01 1970 09:01:29 GMT+0800 (中国标准时间), Current mtime: Thu Jan 01 1970 09:04:41 GMT+0800 (中国标准时间)
debug: Inspect cce:/internal/x/prerequisite-imports
debug: Resolve file:///D:/game/iKunGame/assets/script/main.ts from cce:/internal/x/prerequisite-imports as file:///D:/game/iKunGame/assets/script/main.ts.
debug: Detected change: file:///D:/game/iKunGame/assets/script/main.ts. Last mtime: Sun Aug 14 2022 00:04:10 GMT+0800 (中国标准时间)@e3179c8d-697e-41e4-8a0e-b447d9092743, Current mtime: Sun Aug 14 2022 00:07:23 GMT+0800 (中国标准时间)@e3179c8d-697e-41e4-8a0e-b447d9092743
debug: Inspect file:///D:/game/iKunGame/assets/script/main.ts
debug: Resolve cc from file:///D:/game/iKunGame/assets/script/main.ts as cce:/internal/x/cc.
debug: Resolve cc from file:///D:/game/iKunGame/assets/script/main.ts as cce:/internal/x/cc.
debug: Target(preview) ends with cost 55.90379999577999ms.
debug: Dispatch build request for time accumulated 1 asset changes.
debug: Build iteration starts.
Number of accumulated asset changes: 1
Feature changed: false
debug: Target(editor) build started.
debug: Detected change: cce:/internal/x/prerequisite-imports. Last mtime: Thu Jan 01 1970 09:04:41 GMT+0800 (中国标准时间), Current mtime: Thu Jan 01 1970 09:05:05 GMT+0800 (中国标准时间)
debug: Inspect cce:/internal/x/prerequisite-imports
debug: Resolve file:///D:/game/iKunGame/assets/script/main.ts from cce:/internal/x/prerequisite-imports as file:///D:/game/iKunGame/assets/script/main.ts.
debug: Detected change: file:///D:/game/iKunGame/assets/script/main.ts. Last mtime: Sun Aug 14 2022 00:07:23 GMT+0800 (中国标准时间)@e3179c8d-697e-41e4-8a0e-b447d9092743, Current mtime: Sun Aug 14 2022 00:07:44 GMT+0800 (中国标准时间)@e3179c8d-697e-41e4-8a0e-b447d9092743
debug: Inspect file:///D:/game/iKunGame/assets/script/main.ts
debug: Resolve cc from file:///D:/game/iKunGame/assets/script/main.ts as cce:/internal/x/cc.
debug: Resolve cc from file:///D:/game/iKunGame/assets/script/main.ts as cce:/internal/x/cc.
debug: Target(editor) ends with cost 59.11589999496937ms.
debug: Target(preview) build started.
debug: Detected change: cce:/internal/x/prerequisite-imports. Last mtime: Thu Jan 01 1970 09:04:41 GMT+0800 (中国标准时间), Current mtime: Thu Jan 01 1970 09:05:05 GMT+0800 (中国标准时间)
debug: Inspect cce:/internal/x/prerequisite-imports
debug: Resolve file:///D:/game/iKunGame/assets/script/main.ts from cce:/internal/x/prerequisite-imports as file:///D:/game/iKunGame/assets/script/main.ts.
debug: Detected change: file:///D:/game/iKunGame/assets/script/main.ts. Last mtime: Sun Aug 14 2022 00:07:23 GMT+0800 (中国标准时间)@e3179c8d-697e-41e4-8a0e-b447d9092743, Current mtime: Sun Aug 14 2022 00:07:44 GMT+0800 (中国标准时间)@e3179c8d-697e-41e4-8a0e-b447d9092743
debug: Inspect file:///D:/game/iKunGame/assets/script/main.ts
debug: Resolve cc from file:///D:/game/iKunGame/assets/script/main.ts as cce:/internal/x/cc.
debug: Resolve cc from file:///D:/game/iKunGame/assets/script/main.ts as cce:/internal/x/cc.
debug: Target(preview) ends with cost 68.74000000208616ms.
debug: Dispatch build request for time accumulated 1 asset changes.
debug: Build iteration starts.
Number of accumulated asset changes: 1
Feature changed: false
debug: Target(editor) build started.
debug: Detected change: cce:/internal/x/prerequisite-imports. Last mtime: Thu Jan 01 1970 09:05:05 GMT+0800 (中国标准时间), Current mtime: Thu Jan 01 1970 09:06:43 GMT+0800 (中国标准时间)
debug: Inspect cce:/internal/x/prerequisite-imports
debug: Resolve file:///D:/game/iKunGame/assets/script/main.ts from cce:/internal/x/prerequisite-imports as file:///D:/game/iKunGame/assets/script/main.ts.
debug: Detected change: file:///D:/game/iKunGame/assets/script/main.ts. Last mtime: Sun Aug 14 2022 00:07:44 GMT+0800 (中国标准时间)@e3179c8d-697e-41e4-8a0e-b447d9092743, Current mtime: Sun Aug 14 2022 00:09:25 GMT+0800 (中国标准时间)@e3179c8d-697e-41e4-8a0e-b447d9092743
debug: Inspect file:///D:/game/iKunGame/assets/script/main.ts
debug: Resolve cc from file:///D:/game/iKunGame/assets/script/main.ts as cce:/internal/x/cc.
debug: Resolve cc from file:///D:/game/iKunGame/assets/script/main.ts as cce:/internal/x/cc.
debug: Target(editor) ends with cost 41.801500000059605ms.
debug: Target(preview) build started.
debug: Detected change: cce:/internal/x/prerequisite-imports. Last mtime: Thu Jan 01 1970 09:05:05 GMT+0800 (中国标准时间), Current mtime: Thu Jan 01 1970 09:06:43 GMT+0800 (中国标准时间)
debug: Inspect cce:/internal/x/prerequisite-imports
debug: Resolve file:///D:/game/iKunGame/assets/script/main.ts from cce:/internal/x/prerequisite-imports as file:///D:/game/iKunGame/assets/script/main.ts.
debug: Detected change: file:///D:/game/iKunGame/assets/script/main.ts. Last mtime: Sun Aug 14 2022 00:07:44 GMT+0800 (中国标准时间)@e3179c8d-697e-41e4-8a0e-b447d9092743, Current mtime: Sun Aug 14 2022 00:09:25 GMT+0800 (中国标准时间)@e3179c8d-697e-41e4-8a0e-b447d9092743
debug: Inspect file:///D:/game/iKunGame/assets/script/main.ts
debug: Resolve cc from file:///D:/game/iKunGame/assets/script/main.ts as cce:/internal/x/cc.
debug: Resolve cc from file:///D:/game/iKunGame/assets/script/main.ts as cce:/internal/x/cc.
debug: Target(preview) ends with cost 61.82329999655485ms.
debug: Dispatch build request for time accumulated 1 asset changes.
debug: Build iteration starts.
Number of accumulated asset changes: 1
Feature changed: false
debug: Target(editor) build started.
debug: Detected change: cce:/internal/x/prerequisite-imports. Last mtime: Thu Jan 01 1970 09:06:43 GMT+0800 (中国标准时间), Current mtime: Thu Jan 01 1970 09:08:31 GMT+0800 (中国标准时间)
debug: Inspect cce:/internal/x/prerequisite-imports
debug: Resolve file:///D:/game/iKunGame/assets/script/main.ts from cce:/internal/x/prerequisite-imports as file:///D:/game/iKunGame/assets/script/main.ts.
debug: Detected change: file:///D:/game/iKunGame/assets/script/main.ts. Last mtime: Sun Aug 14 2022 00:09:25 GMT+0800 (中国标准时间)@e3179c8d-697e-41e4-8a0e-b447d9092743, Current mtime: Sun Aug 14 2022 00:11:12 GMT+0800 (中国标准时间)@e3179c8d-697e-41e4-8a0e-b447d9092743
debug: Inspect file:///D:/game/iKunGame/assets/script/main.ts
debug: Resolve cc from file:///D:/game/iKunGame/assets/script/main.ts as cce:/internal/x/cc.
debug: Resolve cc from file:///D:/game/iKunGame/assets/script/main.ts as cce:/internal/x/cc.
debug: Target(editor) ends with cost 39.91719999909401ms.
debug: Target(preview) build started.
debug: Detected change: cce:/internal/x/prerequisite-imports. Last mtime: Thu Jan 01 1970 09:06:43 GMT+0800 (中国标准时间), Current mtime: Thu Jan 01 1970 09:08:31 GMT+0800 (中国标准时间)
debug: Inspect cce:/internal/x/prerequisite-imports
debug: Resolve file:///D:/game/iKunGame/assets/script/main.ts from cce:/internal/x/prerequisite-imports as file:///D:/game/iKunGame/assets/script/main.ts.
debug: Detected change: file:///D:/game/iKunGame/assets/script/main.ts. Last mtime: Sun Aug 14 2022 00:09:25 GMT+0800 (中国标准时间)@e3179c8d-697e-41e4-8a0e-b447d9092743, Current mtime: Sun Aug 14 2022 00:11:12 GMT+0800 (中国标准时间)@e3179c8d-697e-41e4-8a0e-b447d9092743
debug: Inspect file:///D:/game/iKunGame/assets/script/main.ts
debug: Resolve cc from file:///D:/game/iKunGame/assets/script/main.ts as cce:/internal/x/cc.
debug: Resolve cc from file:///D:/game/iKunGame/assets/script/main.ts as cce:/internal/x/cc.
debug: Target(preview) ends with cost 68.12660000473261ms.
debug: Dispatch build request for time accumulated 1 asset changes.
debug: Build iteration starts.
Number of accumulated asset changes: 1
Feature changed: false
debug: Target(editor) build started.
debug: Detected change: cce:/internal/x/prerequisite-imports. Last mtime: Thu Jan 01 1970 09:08:31 GMT+0800 (中国标准时间), Current mtime: Thu Jan 01 1970 09:09:39 GMT+0800 (中国标准时间)
debug: Inspect cce:/internal/x/prerequisite-imports
debug: Resolve file:///D:/game/iKunGame/assets/script/main.ts from cce:/internal/x/prerequisite-imports as file:///D:/game/iKunGame/assets/script/main.ts.
debug: Detected change: file:///D:/game/iKunGame/assets/script/main.ts. Last mtime: Sun Aug 14 2022 00:11:12 GMT+0800 (中国标准时间)@e3179c8d-697e-41e4-8a0e-b447d9092743, Current mtime: Sun Aug 14 2022 00:12:19 GMT+0800 (中国标准时间)@e3179c8d-697e-41e4-8a0e-b447d9092743
debug: Inspect file:///D:/game/iKunGame/assets/script/main.ts
debug: Resolve cc from file:///D:/game/iKunGame/assets/script/main.ts as cce:/internal/x/cc.
debug: Resolve cc from file:///D:/game/iKunGame/assets/script/main.ts as cce:/internal/x/cc.
debug: Target(editor) ends with cost 38.34220000356436ms.
debug: Target(preview) build started.
debug: Detected change: cce:/internal/x/prerequisite-imports. Last mtime: Thu Jan 01 1970 09:08:31 GMT+0800 (中国标准时间), Current mtime: Thu Jan 01 1970 09:09:39 GMT+0800 (中国标准时间)
debug: Inspect cce:/internal/x/prerequisite-imports
debug: Resolve file:///D:/game/iKunGame/assets/script/main.ts from cce:/internal/x/prerequisite-imports as file:///D:/game/iKunGame/assets/script/main.ts.
debug: Detected change: file:///D:/game/iKunGame/assets/script/main.ts. Last mtime: Sun Aug 14 2022 00:11:12 GMT+0800 (中国标准时间)@e3179c8d-697e-41e4-8a0e-b447d9092743, Current mtime: Sun Aug 14 2022 00:12:19 GMT+0800 (中国标准时间)@e3179c8d-697e-41e4-8a0e-b447d9092743
debug: Inspect file:///D:/game/iKunGame/assets/script/main.ts
debug: Resolve cc from file:///D:/game/iKunGame/assets/script/main.ts as cce:/internal/x/cc.
debug: Resolve cc from file:///D:/game/iKunGame/assets/script/main.ts as cce:/internal/x/cc.
debug: Target(preview) ends with cost 105.10579999536276ms.
